[    0.000000] Linux version 4.15.0-58-generic (buildd@lcy01-amd64-013) (gcc version 7.4.0 (Ubuntu 7.4.0-1ubuntu1~18.04.1)) #64-Ubuntu SMP Tue Aug 6 11:12:41 UTC 2019 (Ubuntu 4.15.0-58.64-generic 4.15.18)
[    0.000000] Command line: BOOT_IMAGE=/boot/vmlinuz-4.15.0-58-generic root=LABEL=cloudimg-rootfs ro console=tty1 console=ttyS0
[    0.000000] KERNEL supported cpus:
[    0.000000]   Intel GenuineIntel
[    0.000000]   AMD AuthenticAMD
[    0.000000]   Centaur CentaurHauls
[    0.000000] x86/fpu: Supporting XSAVE feature 0x001: 'x87 floating point registers'
[    0.000000] x86/fpu: Supporting XSAVE feature 0x002: 'SSE registers'
[    0.000000] x86/fpu: Supporting XSAVE feature 0x004: 'AVX registers'
[    0.000000] x86/fpu: xstate_offset[2]:  576, xstate_sizes[2]:  256
[    0.000000] x86/fpu: Enabled xstate features 0x7, context size is 832 bytes, using 'standard' format.
[    0.000000] e820: BIOS-provided physical RAM map:
[    0.000000] BIOS-e820: [mem 0x0000000000000000-0x000000000009fbff] usable
[    0.000000] BIOS-e820: [mem 0x000000000009fc00-0x000000000009ffff] reserved
[    0.000000] BIOS-e820: [mem 0x00000000000f0000-0x00000000000fffff] reserved
[    0.000000] BIOS-e820: [mem 0x0000000000100000-0x000000007ffeffff] usable
[    0.000000] BIOS-e820: [mem 0x000000007fff0000-0x000000007fffffff] ACPI data
[    0.000000] BIOS-e820: [mem 0x00000000fec00000-0x00000000fec00fff] reserved
[    0.000000] BIOS-e820: [mem 0x00000000fee00000-0x00000000fee00fff] reserved
[    0.000000] BIOS-e820: [mem 0x00000000fffc0000-0x00000000ffffffff] reserved
[    0.000000] NX (Execute Disable) protection: active
[    0.000000] SMBIOS 2.5 present.
[    0.000000] DMI: innotek GmbH VirtualBox/VirtualBox, BIOS VirtualBox 12/01/2006
[    0.000000] Hypervisor detected: KVM
[    0.000000] e820: last_pfn = 0x7fff0 max_arch_pfn = 0x400000000
[    0.000000] MTRR: Disabled
[    0.000000] x86/PAT: MTRRs disabled, skipping PAT initialization too.
[    0.000000] CPU MTRRs all blank - virtualized system.
[    0.000000] x86/PAT: Configuration [0-7]: WB  WT  UC- UC  WB  WT  UC- UC  
[    0.000000] found SMP MP-table at [mem 0x0009fff0-0x0009ffff] mapped at [        (ptrval)]
[    0.000000] Scanning 1 areas for low memory corruption
[    0.000000] RAMDISK: [mem 0x35a8f000-0x36d3efff]
[    0.000000] ACPI: Early table checksum verification disabled
[    0.000000] ACPI: RSDP 0x00000000000E0000 000024 (v02 VBOX  )
[    0.000000] ACPI: XSDT 0x000000007FFF0030 00003C (v01 VBOX   VBOXXSDT 00000001 ASL  00000061)
[    0.000000] ACPI: FACP 0x000000007FFF00F0 0000F4 (v04 VBOX   VBOXFACP 00000001 ASL  00000061)
[    0.000000] ACPI: DSDT 0x000000007FFF0470 0022EA (v02 VBOX   VBOXBIOS 00000002 INTL 20100528)
[    0.000000] ACPI: FACS 0x000000007FFF0200 000040
[    0.000000] ACPI: FACS 0x000000007FFF0200 000040
[    0.000000] ACPI: APIC 0x000000007FFF0240 00005C (v02 VBOX   VBOXAPIC 00000001 ASL  00000061)
[    0.000000] ACPI: SSDT 0x000000007FFF02A0 0001CC (v01 VBOX   VBOXCPUT 00000002 INTL 20100528)
[    0.000000] No NUMA configuration found
[    0.000000] Faking a node at [mem 0x0000000000000000-0x000000007ffeffff]
[    0.000000] NODE_DATA(0) allocated [mem 0x7ffc5000-0x7ffeffff]
[    0.000000] kvm-clock: cpu 0, msr 0:7ff44001, primary cpu clock
[    0.000000] kvm-clock: Using msrs 4b564d01 and 4b564d00
[    0.000000] kvm-clock: using sched offset of 4713072171 cycles
[    0.000000] clocksource: kvm-clock: mask: 0xffffffffffffffff max_cycles: 0x1cd42e4dffb, max_idle_ns: 881590591483 ns
[    0.000000] Zone ranges:
[    0.000000]   DMA      [mem 0x0000000000001000-0x0000000000ffffff]
[    0.000000]   DMA32    [mem 0x0000000001000000-0x000000007ffeffff]
[    0.000000]   Normal   empty
[    0.000000]   Device   empty
[    0.000000] Movable zone start for each node
[    0.000000] Early memory node ranges
[    0.000000]   node   0: [mem 0x0000000000001000-0x000000000009efff]
[    0.000000]   node   0: [mem 0x0000000000100000-0x000000007ffeffff]
[    0.000000] Reserved but unavailable: 98 pages
[    0.000000] Initmem setup node 0 [mem 0x0000000000001000-0x000000007ffeffff]
[    0.000000] ACPI: PM-Timer IO Port: 0x4008
[    0.000000] IOAPIC[0]: apic_id 2, version 32, address 0xfec00000, GSI 0-23
[    0.000000] ACPI: INT_SRC_OVR (bus 0 bus_irq 0 global_irq 2 dfl dfl)
[    0.000000] ACPI: INT_SRC_OVR (bus 0 bus_irq 9 global_irq 9 low level)
[    0.000000] Using ACPI (MADT) for SMP configuration information
[    0.000000] smpboot: Allowing 2 CPUs, 0 hotplug CPUs
[    0.000000] PM: Registered nosave memory: [mem 0x00000000-0x00000fff]
[    0.000000] PM: Registered nosave memory: [mem 0x0009f000-0x0009ffff]
[    0.000000] PM: Registered nosave memory: [mem 0x000a0000-0x000effff]
[    0.000000] PM: Registered nosave memory: [mem 0x000f0000-0x000fffff]
[    0.000000] e820: [mem 0x80000000-0xfebfffff] available for PCI devices
[    0.000000] Booting paravirtualized kernel on KVM
[    0.000000] clocksource: refined-jiffies: mask: 0xffffffff max_cycles: 0xffffffff, max_idle_ns: 7645519600211568 ns
[    0.000000] random: get_random_bytes called from start_kernel+0x99/0x4fd with crng_init=0
[    0.000000] setup_percpu: NR_CPUS:8192 nr_cpumask_bits:2 nr_cpu_ids:2 nr_node_ids:1
[    0.000000] percpu: Embedded 46 pages/cpu @        (ptrval) s151552 r8192 d28672 u1048576
[    0.000000] PV qspinlock hash table entries: 256 (order: 0, 4096 bytes)
[    0.000000] Built 1 zonelists, mobility grouping on.  Total pages: 515961
[    0.000000] Policy zone: DMA32
[    0.000000] Kernel command line: BOOT_IMAGE=/boot/vmlinuz-4.15.0-58-generic root=LABEL=cloudimg-rootfs ro console=tty1 console=ttyS0
[    0.000000] Memory: 2015652K/2096696K available (12300K kernel code, 2478K rwdata, 4280K rodata, 2424K init, 2384K bss, 81044K reserved, 0K cma-reserved)
[    0.000000] SLUB: HWalign=64, Order=0-3, MinObjects=0, CPUs=2, Nodes=1
[    0.000000] Kernel/User page tables isolation: enabled
[    0.000000] ftrace: allocating 39243 entries in 154 pages
[    0.004000] Hierarchical RCU implementation.
[    0.004000] 	RCU restricting CPUs from NR_CPUS=8192 to nr_cpu_ids=2.
[    0.004000] 	Tasks RCU enabled.
[    0.004000] RCU: Adjusting geometry for rcu_fanout_leaf=16, nr_cpu_ids=2
[    0.004000] NR_IRQS: 524544, nr_irqs: 440, preallocated irqs: 16
[    0.004000] Console: colour VGA+ 80x25
[    0.004000] console [tty1] enabled
[    0.004000] console [ttyS0] enabled
[    0.004000] ACPI: Core revision 20170831
[    0.004000] ACPI: 2 ACPI AML tables successfully acquired and loaded
[    0.004000] APIC: Switch to symmetric I/O mode setup
[    0.004000] x2apic enabled
[    0.004000] Switched APIC routing to physical x2apic.
[    0.005062] ..TIMER: vector=0x30 apic1=0 pin1=2 apic2=-1 pin2=-1
[    0.008008] tsc: Detected 2194.918 MHz processor
[    0.010109] Calibrating delay loop (skipped) preset value.. 4389.83 BogoMIPS (lpj=8779672)
[    0.012005] pid_max: default: 32768 minimum: 301
[    0.016037] Security Framework initialized
[    0.017362] Yama: becoming mindful.
[    0.018315] AppArmor: AppArmor initialized
[    0.020323] Dentry cache hash table entries: 262144 (order: 9, 2097152 bytes)
[    0.028055] Inode-cache hash table entries: 131072 (order: 8, 1048576 bytes)
[    0.030205] Mount-cache hash table entries: 4096 (order: 3, 32768 bytes)
[    0.032007] Mountpoint-cache hash table entries: 4096 (order: 3, 32768 bytes)
[    0.034015] mce: CPU supports 0 MCE banks
[    0.035071] Last level iTLB entries: 4KB 1024, 2MB 1024, 4MB 1024
[    0.036041] Last level dTLB entries: 4KB 1024, 2MB 1024, 4MB 1024, 1GB 4
[    0.040011] Spectre V1 : Mitigation: usercopy/swapgs barriers and __user pointer sanitization
[    0.044005] Spectre V2 : Mitigation: Full generic retpoline
[    0.046264] Spectre V2 : Spectre v2 / SpectreRSB mitigation: Filling RSB on context switch
[    0.048006] Speculative Store Bypass: Vulnerable
[    0.049840] MDS: Mitigation: Clear CPU buffers
[    0.052217] Freeing SMP alternatives memory: 36K
[    0.060000] smpboot: CPU0: Intel(R) Core(TM) i7-4770HQ CPU @ 2.20GHz (family: 0x6, model: 0x46, stepping: 0x1)
[    0.060000] Performance Events: unsupported p6 CPU model 70 no PMU driver, software events only.
[    0.060044] Hierarchical SRCU implementation.
[    0.061976] NMI watchdog: Perf event create on CPU 0 failed with -2
[    0.064005] NMI watchdog: Perf NMI watchdog permanently disabled
[    0.068039] smp: Bringing up secondary CPUs ...
[    0.070085] x86: Booting SMP configuration:
[    0.071960] .... node  #0, CPUs:      #1
[    0.004000] kvm-clock: cpu 1, msr 0:7ff44041, secondary cpu clock
[    0.004000] mce: CPU supports 0 MCE banks
[    0.078433] smp: Brought up 1 node, 2 CPUs
[    0.080019] smpboot: Max logical packages: 1
[    0.084084] smpboot: Total of 2 processors activated (8779.67 BogoMIPS)
[    0.088092] devtmpfs: initialized
[    0.089771] x86/mm: Memory block size: 128MB
[    0.092217] evm: security.selinux
[    0.093281] evm: security.SMACK64
[    0.094409] evm: security.SMACK64EXEC
[    0.095694] evm: security.SMACK64TRANSMUTE
[    0.096008] evm: security.SMACK64MMAP
[    0.100007] evm: security.apparmor
[    0.101237] evm: security.ima
[    0.102320] evm: security.capability
[    0.103637] clocksource: jiffies: mask: 0xffffffff max_cycles: 0xffffffff, max_idle_ns: 7645041785100000 ns
[    0.104015] futex hash table entries: 512 (order: 3, 32768 bytes)
[    0.105562] pinctrl core: initialized pinctrl subsystem
[    0.109385] RTC time: 18:15:49, date: 08/17/19
[    0.110710] NET: Registered protocol family 16
[    0.112084] audit: initializing netlink subsys (disabled)
[    0.113807] audit: type=2000 audit(1566065754.791:1): state=initialized audit_enabled=0 res=1
[    0.116025] cpuidle: using governor ladder
[    0.117945] cpuidle: using governor menu
[    0.120044] ACPI: bus type PCI registered
[    0.121110] acpiphp: ACPI Hot Plug PCI Controller Driver version: 0.5
[    0.124044] PCI: Using configuration type 1 for base access
[    0.128076] HugeTLB registered 2.00 MiB page size, pre-allocated 0 pages
[    0.132125] ACPI: Added _OSI(Module Device)
[    0.133337] ACPI: Added _OSI(Processor Device)
[    0.134522] ACPI: Added _OSI(3.0 _SCP Extensions)
[    0.136013] ACPI: Added _OSI(Processor Aggregator Device)
[    0.137535] ACPI: Added _OSI(Linux-Dell-Video)
[    0.138756] ACPI: Added _OSI(Linux-Lenovo-NV-HDMI-Audio)
[    0.140010] ACPI: Added _OSI(Linux-HPI-Hybrid-Graphics)
[    0.142391] ACPI: Executed 1 blocks of module-level executable AML code
[    0.152444] ACPI: Interpreter enabled
[    0.153583] ACPI: (supports S0 S5)
[    0.154504] ACPI: Using IOAPIC for interrupt routing
[    0.155992] PCI: Using host bridge windows from ACPI; if necessary, use "pci=nocrs" and report a bug
[    0.156276] ACPI: Enabled 2 GPEs in block 00 to 07
[    0.170667] ACPI: PCI Root Bridge [PCI0] (domain 0000 [bus 00-ff])
[    0.172010] acpi PNP0A03:00: _OSC: OS supports [ASPM ClockPM Segments MSI]
[    0.174205] acpi PNP0A03:00: _OSC: not requesting OS control; OS requires [ExtendedConfig ASPM ClockPM MSI]
[    0.176014] acpi PNP0A03:00: fail to add MMCONFIG information, can't access extended PCI configuration space under this bridge.
[    0.180653] PCI host bridge to bus 0000:00
[    0.183058] pci_bus 0000:00: root bus resource [io  0x0000-0x0cf7 window]
[    0.184006] pci_bus 0000:00: root bus resource [io  0x0d00-0xffff window]
[    0.186230] pci_bus 0000:00: root bus resource [mem 0x000a0000-0x000bffff window]
[    0.188009] pci_bus 0000:00: root bus resource [mem 0x80000000-0xfdffffff window]
[    0.192007] pci_bus 0000:00: root bus resource [bus 00-ff]
[    0.201036] pci 0000:00:01.1: legacy IDE quirk: reg 0x10: [io  0x01f0-0x01f7]
[    0.204007] pci 0000:00:01.1: legacy IDE quirk: reg 0x14: [io  0x03f6]
[    0.205882] pci 0000:00:01.1: legacy IDE quirk: reg 0x18: [io  0x0170-0x0177]
[    0.207661] pci 0000:00:01.1: legacy IDE quirk: reg 0x1c: [io  0x0376]
[    0.243407] pci 0000:00:07.0: quirk: [io  0x4000-0x403f] claimed by PIIX4 ACPI
[    0.244059] pci 0000:00:07.0: quirk: [io  0x4100-0x410f] claimed by PIIX4 SMB
[    0.274320] ACPI: PCI Interrupt Link [LNKA] (IRQs 5 9 10 *11)
[    0.276385] ACPI: PCI Interrupt Link [LNKB] (IRQs 5 9 *10 11)
[    0.280216] ACPI: PCI Interrupt Link [LNKC] (IRQs 5 *9 10 11)
[    0.283841] ACPI: PCI Interrupt Link [LNKD] (IRQs 5 9 10 *11)
[    0.284469] SCSI subsystem initialized
[    0.285803] pci 0000:00:02.0: vgaarb: setting as boot VGA device
[    0.287076] pci 0000:00:02.0: vgaarb: VGA device added: decodes=io+mem,owns=io+mem,locks=none
[    0.288013] pci 0000:00:02.0: vgaarb: bridge control possible
[    0.292005] vgaarb: loaded
[    0.293949] ACPI: bus type USB registered
[    0.296038] usbcore: registered new interface driver usbfs
[    0.300096] usbcore: registered new interface driver hub
[    0.304061] usbcore: registered new device driver usb
[    0.308095] EDAC MC: Ver: 3.0.0
[    0.312497] PCI: Using ACPI for IRQ routing
[    0.314321] NetLabel: Initializing
[    0.316006] NetLabel:  domain hash size = 128
[    0.317914] NetLabel:  protocols = UNLABELED CIPSOv4 CALIPSO
[    0.320034] NetLabel:  unlabeled traffic allowed by default
[    0.324198] clocksource: Switched to clocksource kvm-clock
[    0.346011] VFS: Disk quotas dquot_6.6.0
[    0.347085] VFS: Dquot-cache hash table entries: 512 (order 0, 4096 bytes)
[    0.349577] AppArmor: AppArmor Filesystem Enabled
[    0.351535] pnp: PnP ACPI init
[    0.358025] pnp: PnP ACPI: found 3 devices
[    0.370697] clocksource: acpi_pm: mask: 0xffffff max_cycles: 0xffffff, max_idle_ns: 2085701024 ns
[    0.375505] NET: Registered protocol family 2
[    0.377448] TCP established hash table entries: 16384 (order: 5, 131072 bytes)
[    0.380417] TCP bind hash table entries: 16384 (order: 6, 262144 bytes)
[    0.384351] TCP: Hash tables configured (established 16384 bind 16384)
[    0.389003] UDP hash table entries: 1024 (order: 3, 32768 bytes)
[    0.392046] UDP-Lite hash table entries: 1024 (order: 3, 32768 bytes)
[    0.394269] NET: Registered protocol family 1
[    0.395378] pci 0000:00:00.0: Limiting direct PCI/PCI transfers
[    0.396867] pci 0000:00:01.0: Activating ISA DMA hang workarounds
[    0.398479] pci 0000:00:02.0: Video device with shadowed ROM at [mem 0x000c0000-0x000dffff]
[    0.400782] Unpacking initramfs...
[    0.830708] Freeing initrd memory: 19136K
[    0.833266] clocksource: tsc: mask: 0xffffffffffffffff max_cycles: 0x1fa37202099, max_idle_ns: 440795206796 ns
[    0.844704] platform rtc_cmos: registered platform RTC device (no PNP device found)
[    0.848720] Scanning for low memory corruption every 60 seconds
[    0.855400] Initialise system trusted keyrings
[    0.859540] Key type blacklist registered
[    0.863889] workingset: timestamp_bits=36 max_order=19 bucket_order=0
[    0.874464] zbud: loaded
[    0.877515] squashfs: version 4.0 (2009/01/31) Phillip Lougher
[    0.881285] fuse init (API version 7.26)
[    0.895867] Key type asymmetric registered
[    0.899006] Asymmetric key parser 'x509' registered
[    0.905593] Block layer SCSI generic (bsg) driver version 0.4 loaded (major 246)
[    0.910272] io scheduler noop registered
[    0.911218] io scheduler deadline registered
[    0.912524] io scheduler cfq registered (default)
[    0.914202] ACPI: AC Adapter [AC] (on-line)
[    0.915307] input: Power Button as /devices/LNXSYSTM:00/LNXPWRBN:00/input/input0
[    0.917206] ACPI: Power Button [PWRF]
[    0.918233] input: Sleep Button as /devices/LNXSYSTM:00/LNXSLPBN:00/input/input1
[    0.922242] ACPI: Sleep Button [SLPF]
[    0.925417] ACPI: Battery Slot [BAT0] (battery present)
[    0.926873] Serial: 8250/16550 driver, 32 ports, IRQ sharing enabled
[    0.949991] 00:02: ttyS0 at I/O 0x3f8 (irq = 4, base_baud = 115200) is a 16550A
[    0.960036] Linux agpgart interface v0.103
[    0.967145] loop: module loaded
[    0.968895] scsi host0: ata_piix
[    0.970394] scsi host1: ata_piix
[    0.971380] ata1: PATA max UDMA/33 cmd 0x1f0 ctl 0x3f6 bmdma 0xd000 irq 14
[    0.973231] ata2: PATA max UDMA/33 cmd 0x170 ctl 0x376 bmdma 0xd008 irq 15
[    0.976212] libphy: Fixed MDIO Bus: probed
[    0.977897] tun: Universal TUN/TAP device driver, 1.6
[    0.979391] PPP generic driver version 2.4.2
[    0.980768] ehci_hcd: USB 2.0 'Enhanced' Host Controller (EHCI) Driver
[    0.982383] ehci-pci: EHCI PCI platform driver
[    0.983859] ehci-platform: EHCI generic platform driver
[    0.987251] ohci_hcd: USB 1.1 'Open' Host Controller (OHCI) Driver
[    0.989989] ohci-pci: OHCI PCI platform driver
[    0.991477] ohci-platform: OHCI generic platform driver
[    0.993555] uhci_hcd: USB Universal Host Controller Interface driver
[    0.995431] i8042: PNP: PS/2 Controller [PNP0303:PS2K,PNP0f03:PS2M] at 0x60,0x64 irq 1,12
[    0.998098] serio: i8042 KBD port at 0x60,0x64 irq 1
[    0.999495] serio: i8042 AUX port at 0x60,0x64 irq 12
[    1.001183] mousedev: PS/2 mouse device common for all mice
[    1.003090] input: AT Translated Set 2 keyboard as /devices/platform/i8042/serio0/input/input2
[    1.006607] rtc_cmos rtc_cmos: rtc core: registered rtc_cmos as rtc0
[    1.008524] rtc_cmos rtc_cmos: alarms up to one day, 114 bytes nvram
[    1.010216] i2c /dev entries driver
[    1.011204] device-mapper: uevent: version 1.0.3
[    1.012544] device-mapper: ioctl: 4.37.0-ioctl (2017-09-20) initialised: dm-devel@redhat.com
[    1.014583] ledtrig-cpu: registered to indicate activity on CPUs
[    1.016796] NET: Registered protocol family 10
[    1.022859] Segment Routing with IPv6
[    1.024047] NET: Registered protocol family 17
[    1.025872] Key type dns_resolver registered
[    1.027383] RAS: Correctable Errors collector initialized.
[    1.028765] sched_clock: Marking stable (1028745456, 0)->(1485111660, -456366204)
[    1.031426] registered taskstats version 1
[    1.032593] Loading compiled-in X.509 certificates
[    1.037299] Loaded X.509 cert 'Build time autogenerated kernel key: e343dd3e31c9820cf0adf0156bc2eecdcfc394af'
[    1.040926] zswap: loaded using pool lzo/zbud
[    1.046444] Key type big_key registered
[    1.047437] Key type trusted registered
[    1.050360] Key type encrypted registered
[    1.051458] AppArmor: AppArmor sha1 policy hashing enabled
[    1.053176] ima: No TPM chip found, activating TPM-bypass! (rc=-19)
[    1.055081] ima: Allocated hash algorithm: sha1
[    1.056337] evm: HMAC attrs: 0x1
[    1.057918]   Magic number: 15:917:291
[    1.059157] tty tty24: hash matches
[    1.060344] rtc_cmos rtc_cmos: setting system clock to 2019-08-17 18:15:50 UTC (1566065750)
[    1.062800] BIOS EDD facility v0.16 2004-Jun-25, 0 devices found
[    1.064455] EDD information not available.
[    1.140485] Freeing unused kernel image memory: 2424K
[    1.161833] Write protecting the kernel read-only data: 20480k
[    1.164152] Freeing unused kernel image memory: 2008K
[    1.165721] Freeing unused kernel image memory: 1864K
[    1.174586] x86/mm: Checked W+X mappings: passed, no W+X pages found.
[    1.176832] x86/mm: Checking user space page tables
[    1.185077] x86/mm: Checked W+X mappings: passed, no W+X pages found.
Loading, please wait...
starting version 237
[    1.265861] e1000: Intel(R) PRO/1000 Network Driver - version 7.3.21-k8-NAPI
[    1.273367] e1000: Copyright (c) 1999-2006 Intel Corporation.
[    1.313031] Fusion MPT base driver 3.04.20
[    1.314340] Copyright (c) 1999-2008 LSI Corporation
[    1.332181] AVX2 version of gcm_enc/dec engaged.
[    1.333447] AES CTR mode by8 optimization enabled
[    1.359658] Fusion MPT SPI Host driver 3.04.20
[    1.536979] input: ImExPS/2 Generic Explorer Mouse as /devices/platform/i8042/serio1/input/input4
[    1.825890] e1000 0000:00:03.0 eth0: (PCI:33MHz:32-bit) 02:cc:50:df:d9:b9
[    1.827685] e1000 0000:00:03.0 eth0: Intel(R) PRO/1000 Network Connection
[    2.855993] e1000 0000:00:08.0 eth1: (PCI:33MHz:32-bit) 08:00:27:4e:84:18
[    2.858157] e1000 0000:00:08.0 eth1: Intel(R) PRO/1000 Network Connection
[    2.861216] e1000 0000:00:03.0 enp0s3: renamed from eth0
[    2.863178] mptbase: ioc0: Initiating bringup
[    2.876834] e1000 0000:00:08.0 enp0s8: renamed from eth1
[    3.672801] ioc0: LSI53C1030 A0: Capabilities={Initiator}
[    4.834113] scsi host2: ioc0: LSI53C1030 A0, FwRev=00000000h, Ports=1, MaxQ=256, IRQ=20
[    6.739926] scsi 2:0:0:0: Direct-Access     VBOX     HARDDISK         1.0  PQ: 0 ANSI: 5
[    6.768213] scsi target2:0:0: Beginning Domain Validation
[    6.774926] scsi target2:0:0: Domain Validation skipping write tests
[    6.777242] scsi target2:0:0: Ending Domain Validation
[    6.779049] scsi target2:0:0: asynchronous
[    6.781340] scsi 2:0:1:0: Direct-Access     VBOX     HARDDISK         1.0  PQ: 0 ANSI: 5
[    6.812072] scsi target2:0:1: Beginning Domain Validation
[    6.814417] random: fast init done
[    6.816060] scsi target2:0:1: Domain Validation skipping write tests
[    6.817555] scsi target2:0:1: Ending Domain Validation
[    6.819308] scsi target2:0:1: asynchronous
[    6.826732] random: systemd-udevd: uninitialized urandom read (16 bytes read)
[    6.828951] random: systemd-udevd: uninitialized urandom read (16 bytes read)
[    6.830808] random: systemd-udevd: uninitialized urandom read (16 bytes read)
[    6.833203] sd 2:0:0:0: Attached scsi generic sg0 type 0
[    6.835057] sd 2:0:0:0: [sda] 20971520 512-byte logical blocks: (10.7 GB/10.0 GiB)
[    6.838035] sd 2:0:0:0: [sda] Write Protect is off
[    6.840440] sd 2:0:0:0: [sda] Incomplete mode parameter data
[    6.842359] sd 2:0:0:0: [sda] Assuming drive cache: write through
[    6.844827] sd 2:0:1:0: Attached scsi generic sg1 type 0
[    6.846151] sd 2:0:1:0: [sdb] 20480 512-byte logical blocks: (10.5 MB/10.0 MiB)
[    6.848118] sd 2:0:1:0: [sdb] Write Protect is off
[    6.849532] sd 2:0:1:0: [sdb] Incomplete mode parameter data
[    6.850980] sd 2:0:1:0: [sdb] Assuming drive cache: write through
[    6.855362]  sda: sda1
[    6.857461] sd 2:0:0:0: [sda] Attached SCSI disk
[    6.859724] sd 2:0:1:0: [sdb] Attached SCSI disk
Begin: Loading essential drivers ... [    8.356173] raid6: sse2x1   gen()  8898 MB/s
[    8.404237] raid6: sse2x1   xor()  6845 MB/s
[    8.452182] raid6: sse2x2   gen() 11500 MB/s
[    8.500143] raid6: sse2x2   xor()  7504 MB/s
[    8.548218] raid6: sse2x4   gen() 13924 MB/s
[    8.596358] raid6: sse2x4   xor()  7999 MB/s
[    8.644117] raid6: avx2x1   gen() 18029 MB/s
[    8.692527] raid6: avx2x1   xor() 12571 MB/s
[    8.740606] raid6: avx2x2   gen() 20833 MB/s
[    8.788225] raid6: avx2x2   xor() 12225 MB/s
[    8.836095] raid6: avx2x4   gen() 19432 MB/s
[    8.884176] raid6: avx2x4   xor() 12829 MB/s
[    8.885307] raid6: using algorithm avx2x2 gen() 20833 MB/s
[    8.887361] raid6: .... xor() 12225 MB/s, rmw enabled
[    8.889355] raid6: using avx2x2 recovery algorithm
[    8.892457] xor: automatically using best checksumming function   avx       
[    8.895597] async_tx: api initialized (async)
done.
Begin: Running /scripts/init-premount ... done.
Begin: Mounting root file system ... Begin: Running /scripts/local-top ... done.
Begin: Running /scripts/local-premount ... [    8.944910] Btrfs loaded, crc32c=crc32c-intel
Scanning for Btrfs filesystems
done.
Warning: fsck not present, so skipping root file system
[    8.983413] EXT4-fs (sda1): mounted filesystem with ordered data mode. Opts: (null)
done.
Begin: Running /scripts/local-bottom ... done.
Begin: Running /scripts/init-bottom ... done.
[    9.159164] ip_tables: (C) 2000-2006 Netfilter Core Team
[    9.172409] systemd[1]: systemd 237 running in system mode. (+PAM +AUDIT +SELINUX +IMA +APPARMOR +SMACK +SYSVINIT +UTMP +LIBCRYPTSETUP +GCRYPT +GNUTLS +ACL +XZ +LZ4 +SECCOMP +BLKID +ELFUTILS +KMOD -IDN2 +IDN -PCRE2 default-hierarchy=hybrid)
[    9.180147] systemd[1]: Detected virtualization oracle.
[    9.181592] systemd[1]: Detected architecture x86-64.

Welcome to [1mUbuntu 18.04.3 LTS[0m!

[    9.199159] systemd[1]: Set hostname to <ubuntu>.
[    9.203813] systemd[1]: Initializing machine ID from random generator.
[    9.206625] systemd[1]: Installed transient /etc/machine-id file.
[    9.469836] systemd[1]: Created slice System Slice.
[[0;32m  OK  [0m] Created slice System Slice.
[    9.492118] systemd[1]: Listening on udev Control Socket.
[[0;32m  OK  [0m] Listening on udev Control Socket.
[    9.495054] systemd[1]: Listening on LVM2 poll daemon socket.
[[0;32m  OK  [0m] Listening on LVM2 poll daemon socket.
[    9.497603] systemd[1]: Created slice User and Session Slice.
[[0;32m  OK  [0m] Created slice User and Session Slice.
[[0;32m  OK  [0m] Listening on Journal Socket.
         Starting Remount Root and Kernel File Systems...
         Mounting POSIX Message Queue File System...
         Mounting Kernel Debug File System...
[[0;32m  OK  [0m] Started Forward Password Requests to Wall Directory Watch.
[[0;32m  OK  [0m] Created slice system-serial\x2dgetty.slice.
[[0;32m  OK  [0m] Listening on Network Service Netlink Socket.
[[0;32m  OK  [0m] Listening on Journal Socket (/dev/log).
[[0;32m  OK  [0m] Listening on Device-mapper event daemon FIFOs.
[[0;32m  OK  [0m] Listening on LVM2 metadata daemon socket.
         Starting Uncomplicated firewall...
         Starting Create list of required st…ce nodes for the current kernel...
[[0;32m  OK  [0m] Listening on Journal Audit Socket.
[    9.550856] EXT4-fs (sda1): re-mounted. Opts: (null)
         Mounting Huge Pages File System...
[[0;32m  OK  [0m] Listening on /dev/initctl Compatibility Named Pipe.
[[0;32m  OK  [0m] Listening on Syslog Socket.
         Starting Journal Service...
[[0;32m  OK  [0m] Reached target User and Group Name Lookups.
         Starting Load Kernel Modules...
[[0;32m  OK  [0m] Set up automount Arbitrary Executab…rmats File System Automount Point.
         Starting Set the console keyboard layout...
[[0;32m  OK  [0m] Listening on udev Kernel Socket.
         Starting udev Coldplug all Devices...
[[0;32m  OK  [0m] Reached target System Time Synchronized.
         Starting Monitoring of LVM2 mirrors…ng dmeventd or progress polling...
[[0;32m  OK  [0m] Reached target Swap.
[[0;32m  OK  [0m] Reached target Slices.
[[0;32m  OK  [0m] Started Remount Root and Kernel File Systems.
[[0;32m  OK  [0m] Mounted POSIX Message Queue File System.
[[0;32m  OK  [0m] Mounted Kernel Debug File System.
[[0;32m  OK  [0m] Started Uncomplicated firewall.
[[0;32m  OK  [0m] Started Create list of required sta…vice nodes for the current kernel.
[[0;32m  OK  [0m] Mounted Huge Pages File System.
         Starting Create Static Device Nodes in /dev...
[    9.686338] Loading iSCSI transport class v2.0-870.
[    9.695491] iscsi: registered transport (tcp)
[    9.721787] iscsi: registered transport (iser)
         Starting Load/Save Random Seed...
[[0;32m  OK  [0m] Started Journal Service.
[[0;32m  OK  [0m] Started Load Kernel Modules.
[[0;32m  OK  [0m] Started Create Static Device Nodes in /dev.
         Starting udev Kernel Device Manager...
         Mounting FUSE Control File System...
         Mounting Kernel Configuration File System...
         Starting Apply Kernel Variables...
         Starting Flush Journal to Persistent Storage...
[[0;32m  OK  [0m] Mounted FUSE Control File System.
[[0;32m  OK  [0m] Mounted Kernel Configuration File System.
[[0;32m  OK  [0m] Started LVM2 metadata daemon.
[[0;32m  OK  [0m] Started Load/Save Random Seed.
[    9.883085] systemd-journald[402]: Received request to flush runtime journal from PID 1
[[0;32m  OK  [0m] Started udev Coldplug all Devices.
[[0;32m  OK  [0m] Started udev Kernel Device Manager.
[[0;32m  OK  [0m] Started Apply Kernel Variables.
[[0;32m  OK  [0m] Started Monitoring of LVM2 mirrors,…sing dmeventd or progress polling.
[[0;32m  OK  [0m] Started Flush Journal to Persistent Storage.
[[0;32m  OK  [0m] Found device /dev/ttyS0.
[[0;32m  OK  [0m] Listening on Load/Save RF Kill Switch Status /dev/rfkill Watch.
[[0;32m  OK  [0m] Started Set the console keyboard layout.
[[0;32m  OK  [0m] Reached target Local File Systems (Pre).
[[0;32m  OK  [0m] Reached target Local File Systems.
         Starting Commit a transient machine-id on disk...
         Starting Create Volatile Files and Directories...
         Starting Set console font and keymap...
         Starting ebtables ruleset management...
         Starting AppArmor initialization...
         Starting Tell Plymouth To Write Out Runtime Data...
[[0;32m  OK  [0m] Started Dispatch Password Requests to Console Directory Watch.
[[0;32m  OK  [0m] Reached target Local Encrypted Volumes.
[[0;32m  OK  [0m] Started Set console font and keymap.
[[0;32m  OK  [0m] Started Tell Plymouth To Write Out Runtime Data.
[[0;32m  OK  [0m] Started Create Volatile Files and Directories.
         Starting Update UTMP about System Boot/Shutdown...
[[0;32m  OK  [0m] Started Commit a transient machine-id on disk.
[[0;32m  OK  [0m] Started Update UTMP about System Boot/Shutdown.
[[0;32m  OK  [0m] Started ebtables ruleset management.
[[0;32m  OK  [0m] Started AppArmor initialization.
         Starting Initial cloud-init job (pre-networking)...
[   13.931533] cloud-init[641]: Cloud-init v. 19.1-1-gbaa47854-0ubuntu1~18.04.1 running 'init-local' at Sat, 17 Aug 2019 18:16:02 +0000. Up 13.48 seconds.
[[0;32m  OK  [0m] Started Initial cloud-init job (pre-networking).
[[0;32m  OK  [0m] Reached target Network (Pre).
         Starting Network Service...
[[0;32m  OK  [0m] Started Network Service.
         Starting Wait for Network to be Configured...
         Starting Network Name Resolution...
[[0;32m  OK  [0m] Started Network Name Resolution.
[[0;32m  OK  [0m] Reached target Network.
[[0;32m  OK  [0m] Reached target Host and Network Name Lookups.
[[0;32m  OK  [0m] Started Wait for Network to be Configured.
         Starting Initial cloud-init job (metadata service crawler)...
[   16.741895] cloud-init[760]: Cloud-init v. 19.1-1-gbaa47854-0ubuntu1~18.04.1 running 'init' at Sat, 17 Aug 2019 18:16:06 +0000. Up 16.57 seconds.
[   16.744447] cloud-init[760]: ci-info: ++++++++++++++++++++++++++++++++++++++Net device info+++++++++++++++++++++++++++++++++++++++
[   16.746753] cloud-init[760]: ci-info: +--------+-------+----------------------------+---------------+--------+-------------------+
[   16.748569] cloud-init[760]: ci-info: | Device |   Up  |          Address           |      Mask     | Scope  |     Hw-Address    |
[   16.750456] cloud-init[760]: ci-info: +--------+-------+----------------------------+---------------+--------+-------------------+
[   16.752800] cloud-init[760]: ci-info: | enp0s3 |  True |         10.0.2.15          | 255.255.255.0 | global | 02:cc:50:df:d9:b9 |
[   16.756063] cloud-init[760]: ci-info: | enp0s3 |  True | fe80::cc:50ff:fedf:d9b9/64 |       .       |  link  | 02:cc:50:df:d9:b9 |
[   16.759396] cloud-init[760]: ci-info: | enp0s8 | False |             .              |       .       |   .    | 08:00:27:4e:84:18 |
[   16.761592] cloud-init[760]: ci-info: |   lo   |  True |         127.0.0.1          |   255.0.0.0   |  host  |         .         |
[   16.764238] cloud-init[760]: ci-info: |   lo   |  True |          ::1/128           |       .       |  host  |         .         |
[   16.766387] cloud-init[760]: ci-info: +--------+-------+----------------------------+---------------+--------+-------------------+
[   16.768361] cloud-init[760]: ci-info: ++++++++++++++++++++++++++++Route IPv4 info+++++++++++++++++++++++++++++
[   16.784615] cloud-init[760]: ci-info: +-------+-------------+----------+-----------------+-----------+-------+
[   16.787207] cloud-init[760]: ci-info: | Route | Destination | Gateway  |     Genmask     | Interface | Flags |
[   16.790610] cloud-init[760]: ci-info: +-------+-------------+----------+-----------------+-----------+-------+
[   16.804273] cloud-init[760]: ci-info: |   0   |   0.0.0.0   | 10.0.2.2 |     0.0.0.0     |   enp0s3  |   UG  |
[   16.806819] cloud-init[760]: ci-info: |   1   |   10.0.2.0  | 0.0.0.0  |  255.255.255.0  |   enp0s3  |   U   |
[   16.808654] cloud-init[760]: ci-info: |   2   |   10.0.2.2  | 0.0.0.0  | 255.255.255.255 |   enp0s3  |   UH  |
[   16.810292] cloud-init[760]: ci-info: +-------+-------------+----------+-----------------+-----------+-------+
[   16.812003] cloud-init[760]: ci-info: +++++++++++++++++++Route IPv6 info+++++++++++++++++++
[   16.813591] cloud-init[760]: ci-info: +-------+-------------+---------+-----------+-------+
[   16.814714] cloud-init[760]: ci-info: | Route | Destination | Gateway | Interface | Flags |
[   16.824377] cloud-init[760]: ci-info: +-------+-------------+---------+-----------+-------+
[   16.825935] cloud-init[760]: ci-info: |   1   |  fe80::/64  |    ::   |   enp0s3  |   U   |
[   16.828190] cloud-init[760]: ci-info: |   3   |    local    |    ::   |   enp0s3  |   U   |
[   16.829886] cloud-init[760]: ci-info: |   4   |   ff00::/8  |    ::   |   enp0s3  |   U   |
[   16.840537] cloud-init[760]: ci-info: +-------+-------------+---------+-----------+-------+
[   18.510429] cloud-init[760]: Generating public/private rsa key pair.
[   18.511354] cloud-init[760]: Your identification has been saved in /etc/ssh/ssh_host_rsa_key.
[   18.513662] cloud-init[760]: Your public key has been saved in /etc/ssh/ssh_host_rsa_key.pub.
[   18.524388] cloud-init[760]: The key fingerprint is:
[   18.536531] cloud-init[760]: SHA256:jerfqEi3/LltHpOtw9OX3Ch3TfmBgnX63UQXv63m6kg root@ubuntu-bionic
[   18.548252] cloud-init[760]: The key's randomart image is:
[   18.549036] cloud-init[760]: +---[RSA 2048]----+
[   18.550219] cloud-init[760]: |                 |
[   18.560203] cloud-init[760]: |               . |
[   18.562408] cloud-init[760]: |                o|
[   18.576397] cloud-init[760]: |         o . .  +|
[   18.578563] cloud-init[760]: |        S + o ..=|
[   18.580125] cloud-init[760]: |       . . = . ++|
[   18.581516] cloud-init[760]: |    . o  .E.+..B=|
[   18.582804] cloud-init[760]: |   . = . *==o.O.*|
[   18.584396] cloud-init[760]: |    . =+*+*+oB.. |
[   18.586242] cloud-init[760]: +----[SHA256]-----+
[   18.588482] cloud-init[760]: Generating public/private dsa key pair.
[   18.600284] cloud-init[760]: Your identification has been saved in /etc/ssh/ssh_host_dsa_key.
[   18.603092] cloud-init[760]: Your public key has been saved in /etc/ssh/ssh_host_dsa_key.pub.
[   18.606407] cloud-init[760]: The key fingerprint is:
[   18.608463] cloud-init[760]: SHA256:LDmBK4duHrITCmComyiPvXdNJIZBl2po7Zya0LJ0igQ root@ubuntu-bionic
[[0;32m  OK  [0m] Started Initial cloud-init job (metadata service crawler).
[   18.627140] cloud-init[[0;32m  OK  [0m] Reached target Cloud-config availability.
[[0;32m  OK  [0m] Reached target System Initialization.
[[0;32m  OK  [0m] Started Message of the Day.
[760]: [[0;32m  OK  [0m] Listening on Open-iSCSI iscsid Socket.
The key's randomart image is:
[   18.644579]          Starting LXD - unix socket.
[[0;32m  OK  [0m] Started Daily Cleanup of Temporary Directories.
cloud-init[760]: +---[DSA 1024]----+
[[0;32m  OK  [0m[   18.647520] cloud-init[760]: |   .. ..         |
[   18.647861] cloud-init[760]: |    .o.          |
[   18.647976] cloud-init[760]: |.  o.+.          |
[   18.649508] cloud-init[760]: |E.o.=.o+.        |
[   18.649574] cloud-init[760]: |=oo+oo+oS        |
[   18.649728] cloud-init[760]: |*+.++  o.        |
[   18.649765] cloud-init[760]: |OB*o   o         |
] Listening on D-Bus System Message Bus Socket.
[   18.650870] cloud-init[760]: |XOo.. . .        |
[   18.650966] cloud-init[760]: |+o=o .           |
[   18.651386] cloud-init[760]: +----[SHA256]-----+
[   18.654737] cloud-init[760]: Generating public/private ecdsa key pair.
[   18.656887] cloud-init[760]: Your identification has been saved in /etc/ssh/ssh_host_ecdsa_key.
[   18.657639] cloud-init[760]: Your public key has been saved in /etc/ssh/ssh_host_ecdsa_key.pub.
[   18.658990] cloud-init[760]: The key fingerprint is:
[   18.659421] cloud-init[760]: SHA256:psm1q8YlPO5YNbZ1B/RI2sSCbjubws2RW/Su2h7TPmc root@ubuntu-bionic
[   18.659597] cloud-init[760]: The key's randomart image is:
[   18.659632] cloud-init[760]: +---[ECDSA 256]---+
[   18.660006] cloud-init[760]: |         . .+    |
[   18.661788] cloud-init[760]: |        . .*.o   |
[   18.663237] cloud-init[760]: |       .  ..+ .  |
[   18.663811] cloud-init[760]: |        o .  .   |
[   18.663921] cloud-init[760]: |     . .S+... .  |
[[0;32m  OK  [0m] Started ACPI Events Check.
[   18.677373] [[0;32m  OK  [0m] Reached target Paths.
cloud-init[760]: |     .+B*=.o..   |
[[0;32m  OK  [0m] Listening on ACPID Listen Socket.
[   18.681225] cloud-init[[0;32m  OK  [0m] Started Daily apt download activities.
[[0;32m  OK  [0m] Started Daily apt upgrade and clean activities.
[760]: |     +=*oBo..    |
[   18.684746] cloud-init[760]: |     o* *o +o E  |
[   18.685696] cloud-init[760]: |    .ooooo+..+   |
[   18.687218] cloud-init[760]: +----[SHA256]-----+
[   18.688051] cloud-init[760]: Generating public/private ed25519 key pair.
         Starting Socket activation for snappy daemon.
[   18.692588] [[0;32m  OK  [0m] Started Discard unused blocks once a week.
[[0;32m  OK  [0m] Reached target Timers.
[[0;32m  OK  [0m] Listening on UUID daemon activation socket.
[[0;32m  OK  [0m] Reached target Network is Online.
cloud-init         Starting Availability of block devices...
[[0;32m  OK  [0m] Reached target Remote File Systems (Pre).
[[0;32m  OK  [0m] Reached target Remote File Systems.
[[0;32m  OK  [0m] Listening on LXD - unix socket.
[[0;32m  OK  [0m] Listening on Socket activation for snappy daemon.
[[0;32m  OK  [0m] Reached target Sockets.
[[0;32m  OK  [0m] Reached target Basic System.
[760]: Your identification has been saved in /etc/ssh/ssh_host_ed25519_key.
[   18.711511] cloud-init[760]: Your public key has been saved in /etc/ssh/ssh_host_ed25519_key.pub.
         Starting Pollinate to seed the pseudo random number generator...
[   18.723688] cloud-init[760]: The key fingerprint is:
[   18.741001] cloud-init[760]: SHA256:6c7l2JKw89Ed5vkFZ02Ed6tFa7eoitD4TkuMiehZmRw root@ubuntu-bionic
[[0;32m  OK  [0m] Started Regular background program processing daemon.
[   18.767496] cloud-init[760]: The key's randomart image is:
[   18.770182] cloud-init[760]: +--[ED25519 256]--+
         Starting Login Service...
[[0;32m  OK  [0m] Started Deferred execution scheduler.
         Starting Virtualbox guest utils...
[   18.788521] cloud-init[760]: |               ..|
         Starting Accounts Service...
[   18.804571] cloud-init[760]: |              .oo|
[[0;32m  OK  [0m] Started D-Bus System Message Bus.
[   18.809780] cloud-init[760]: |              ..=|
[   18.814280] cloud-init[760]: |         .     *o|
[   18.817510] cloud-init[760]: |   E    S   o * *|
[   18.820326] cloud-init[760]: |  o = B. . + = = |
[   18.822737] cloud-init[760]: | . * = Bo.o =   .|
[   18.832718] cloud-init[760]: |. o   Bo=* . . . |
[   18.835425] cloud-init[760]: | o    .B=o+   .  |
[   18.836896] cloud-init[760]: +----[SHA256]-----+
         Starting LSB: Record successful boot for GRUB...
[[0;32m  OK  [0m] Started FUSE filesystem for LXC.
         Starting System Logging Service...
         Starting Snappy daemon...
         Starting Dispatcher daemon for systemd-networkd...
         Starting Permit User Sessions...
         Starting LSB: automatic crash report generation...
[[0;32m  OK  [0m] Started irqbalance daemon.
         Starting LXD - container startup/shutdown...
[[0;32m  OK  [0m] Started System Logging Service.
[[0;32m  OK  [0m] Started Availability of block devices.
[[0;32m  OK  [0m] Started Permit User Sessions.
[[0;32m  OK  [0m] Started Login Service.
         Starting Authorization Manager...
[[0;32m  OK  [0m] Started Unattended Upgrades Shutdown.
         Starting Terminate Plymouth Boot Screen...
         Starting Hold until boot process finishes up...
[[0;32m  OK  [0m] Started Hold until boot process finishes up.
[[0;32m  OK  [0m] Started Terminate Plymouth Boot Screen.
         Starting Set console scheme...
[[0;32m  OK  [0m] Started Serial Getty on ttyS0.
[[0;32m  OK  [0m] Started Set console scheme.
[[0;32m  OK  [0m] Started LSB: automatic crash report generation.
[[0;32m  OK  [0m] Created slice system-getty.slice.
[[0;32m  OK  [0m] Started Getty on tty1.
[[0;32m  OK  [0m] Reached target Login Prompts.
[[0;32m  OK  [0m] Started Authorization Manager.
[[0;32m  OK  [0m] Started Accounts Service.
[[0;32m  OK  [0m] Started LSB: Record successful boot for GRUB.
[[0;32m  OK  [0m] Started LXD - container startup/shutdown.
[[0;32m  OK  [0m] Started Virtualbox guest utils.
[[0;32m  OK  [0m] Started Dispatcher daemon for systemd-networkd.
[[0;32m  OK  [0m] Started Snappy daemon.
         Starting Wait until snapd is fully seeded...
[[0;32m  OK  [0m] Started Pollinate to seed the pseudo random number generator.
         Starting OpenBSD Secure Shell server...
[[0;32m  OK  [0m] Started OpenBSD Secure Shell server.
[[0;32m  OK  [0m] Created slice User Slice of vagrant.
         Starting User Manager for UID 1000...
[[0;32m  OK  [0m] Started Session 1 of user vagrant.
[[0;32m  OK  [0m] Started User Manager for UID 1000.
[[0;32m  OK  [0m] Started Wait until snapd is fully seeded.
         Starting Apply the settings specified in cloud-config...
[[0;32m  OK  [0m] Reached target Multi-User System.
[[0;32m  OK  [0m] Reached target Graphical Interface.
         Starting Update UTMP about System Runlevel Changes...
[[0;32m  OK  [0m] Started Update UTMP about System Runlevel Changes.
         Stopping User Manager for UID 1000...
[[0;32m  OK  [0m] Stopped User Manager for UID 1000.
[[0;32m  OK  [0m] Removed slice User Slice of vagrant.
[[0;32m  OK  [0m] Created slice User Slice of vagrant.
         Starting User Manager for UID 1000...
[[0;32m  OK  [0m] Started Session 3 of user vagrant.
[[0;32m  OK  [0m] Started User Manager for UID 1000.
[   24.812943] cloud-init[1437]: Cloud-init v. 19.1-1-gbaa47854-0ubuntu1~18.04.1 running 'modules:config' at Sat, 17 Aug 2019 18:16:13 +0000. Up 24.36 seconds.

Ubuntu 18.04.3 LTS ubuntu-bionic ttyS0

ubuntu-bionic login: ci-info: no authorized ssh keys fingerprints found for user ubuntu.
<14>Aug 17 18:16:15 ec2: 
<14>Aug 17 18:16:15 ec2: #############################################################
<14>Aug 17 18:16:15 ec2: -----BEGIN SSH HOST KEY FINGERPRINTS-----
<14>Aug 17 18:16:15 ec2: 1024 SHA256:LDmBK4duHrITCmComyiPvXdNJIZBl2po7Zya0LJ0igQ root@ubuntu-bionic (DSA)
<14>Aug 17 18:16:15 ec2: 256 SHA256:psm1q8YlPO5YNbZ1B/RI2sSCbjubws2RW/Su2h7TPmc root@ubuntu-bionic (ECDSA)
<14>Aug 17 18:16:15 ec2: 256 SHA256:6c7l2JKw89Ed5vkFZ02Ed6tFa7eoitD4TkuMiehZmRw root@ubuntu-bionic (ED25519)
<14>Aug 17 18:16:15 ec2: 2048 SHA256:jerfqEi3/LltHpOtw9OX3Ch3TfmBgnX63UQXv63m6kg root@ubuntu-bionic (RSA)
<14>Aug 17 18:16:15 ec2: -----END SSH HOST KEY FINGERPRINTS-----
<14>Aug 17 18:16:15 ec2: #############################################################
-----BEGIN SSH HOST KEY KEYS-----
ecdsa-sha2-nistp256 AAAAE2VjZHNhLXNoYTItbmlzdHAyNTYAAAAIbmlzdHAyNTYAAABBBLwxkNz++rPIHkQ2it/6DLLBRDo4vxEMI7r5GEp/5eif2DBpnceMjUGd8iriIEe08pjwAh8ev1fs1ErYKzZtDGc= root@ubuntu-bionic
ssh-ed25519 AAAAC3NzaC1lZDI1NTE5AAAAIE8dert87kLFmB+FwWGco2X5Tzsn60v8xCe+yzJIHN9K root@ubuntu-bionic
ssh-rsa AAAAB3NzaC1yc2EAAAADAQABAAABAQDA4KLRVRJXnbPfooK4/slCekujqF9jvNNqpKw9Z/sTuBoMgeXGRoLZfUtJqiXaTXUDt+GzoQlLEKU4LT/2AWO9prUbIluSRyj+J97OguDgySi20N51zrp5Bf1m5GQtc3IlaNw+A2NPhyKg7PAlEtHnyBxBAcfxSRm91ETjgCVqoGXB+381AasszMCG9e5veeDgpFD8u9UvCRpi5ClURXZmGIWaXJp9vTcNTO+BBMml5zuSluoWvfbxRuWgyM7/19OsGV9jMOJJSf5JHobnJeJBSxA79uuu5PdKjzaUH7Jhb7C6YLNse5gEcEVpSymtT7d27XArk88gFibRQirmtAZL root@ubuntu-bionic
-----END SSH HOST KEY KEYS-----
[   25.866776] cloud-init[1578]: Cloud-init v. 19.1-1-gbaa47854-0ubuntu1~18.04.1 running 'modules:final' at Sat, 17 Aug         Stopping User Manager for UID 1000...
         Stopping Session 19 of user vagrant.
[[0;32m  OK  [0m] Stopped target Host and Network Name Lookups.
         Stopping Availability of block devices...
         Stopping Authorization Manager...
[[0;32m  OK  [0m] Stopped target Cloud-init target.
[[0;32m  OK  [0m] Stopped Execute cloud user/final scripts.
[[0;32m  OK  [0m] Stopped Apply the settings specified in cloud-config.
[[0;32m  OK  [0m] Stopped target Cloud-config availability.
[[0;32m  OK  [0m] Stopped target Timers.
[[0;32m  OK  [0m] Stopped Daily apt upgrade and clean activities.
[[0;32m  OK  [0m] Stopped Daily apt download activities.
[[0;32m  OK  [0m] Stopped Daily Cleanup of Temporary Directories.
[[0;32m  OK  [0m] Stopped Discard unused blocks once a week.
[[0;32m  OK  [0m] Stopped target Graphical Interface.
         Stopping Accounts Service...
[[0;32m  OK  [0m] Stopped target Multi-User System.
         Stopping FUSE filesystem for LXC...
         Stopping Docker Application Container Engine...
         Stopping Dispatcher daemon for systemd-networkd...
         Stopping Virtualbox guest utils...
         Stopping D-Bus System Message Bus...
         Stopping Deferred execution scheduler...
         Stopping LXD - container startup/shutdown...
         Stopping LSB: automatic crash report generation...
         Stopping irqbalance daemon...
[[0;32m  OK  [0m] Stopped target Login Prompts.
         Stopping Serial Getty on ttyS0...
[[0;32m  OK  [0m] Stopped Wait until snapd is fully seeded.
         Stopping OpenBSD Secure Shell server...
         Stopping Regular background program processing daemon...
         Stopping System Logging Service...
         Stopping Unattended Upgrades Shutdown...
         Stopping LSB: Record successful boot for GRUB...
[[0;32m  OK  [0m] Stopped Message of the Day.
         Stopping kubelet: The Kubernetes Node Agent...
[[0;32m  OK  [0m] Closed Load/Save RF Kill Switch Status /dev/rfkill Watch.
         Stopping Getty on tty1...
[[0;32m  OK  [0m] Stopped target System Time Synchronized.
[[0;32m  OK  [0m] Unmounted /var/lib/lxcfs.
[[0;32m  OK  [0m] Stopped Regular background program processing daemon.
[[0;32m  OK  [0m] Stopped irqbalance daemon.
[[0;32m  OK  [0m] Stopped System Logging Service.
[[0;32m  OK  [0m] Stopped Accounts Service.
[[0;32m  OK  [0m] Stopped Deferred execution scheduler.
[[0;32m  OK  [0m] Stopped Dispatcher daemon for systemd-networkd.
[[0;32m  OK  [0m] Stopped Authorization Manager.
[[0;32m  OK  [0m] Stopped Unattended Upgrades Shutdown.
[[0;32m  OK  [0m] Stopped Serial Getty on ttyS0.
[[0;32m  OK  [0m] Stopped Getty on tty1.
[[0;32m  OK  [0m] Stopped kubelet: The Kubernetes Node Agent.
[[0;32m  OK  [0m] Stopped OpenBSD Secure Shell server.
[[0;32m  OK  [0m] Stopped User Manager for UID 1000.
[[0;32m  OK  [0m] Stopped Availability of block devices.
[[0;32m  OK  [0m] Stopped D-Bus System Message Bus.
[[0;32m  OK  [0m] Stopped FUSE filesystem for LXC.
[[0;32m  OK  [0m] Stopped Session 19 of user vagrant.
[[0;32m  OK  [0m] Removed slice User Slice of vagrant.
[[0;32m  OK  [0m] Removed slice system-getty.slice.
         Stopping Permit User Sessions...
[[0;32m  OK  [0m] Removed slice system-serial\x2dgetty.slice.
         Stopping Login Service...
[[0;32m  OK  [0m] Stopped LXD - container startup/shutdown.
[[0;32m  OK  [0m] Stopped Permit User Sessions.
[[0;32m  OK  [0m] Stopped LSB: Record successful boot for GRUB.
[[0;32m  OK  [0m] Stopped LSB: automatic crash report generation.
[[0;32m  OK  [0m] Stopped target Remote File Systems.
[[0;32m  OK  [0m] Stopped target Remote File Systems (Pre).
[[0;32m  OK  [0m] Stopped Virtualbox guest utils.
[[0;32m  OK  [0m] Stopped Login Service.
[[0;32m  OK  [0m] Stopped target User and Group Name Lookups.
[[0;32m  OK  [0m] Unmounted /var/lib/docker/overlay2/…88ca9df783261e10ac7677f6f8/merged.
[[0;32m  OK  [0m] Unmounted /run/docker/netns/f955170fe035.
[[0;32m  OK  [0m] Unmounted /var/lib/docker/container…07f2055460daa32be82359/mounts/shm.
[[0;32m  OK  [0m] Unmounted /var/lib/docker/overlay2/…a1fe33b810014e55b9bf7dd808/merged.
[[0;32m  OK  [0m] Unmounted /var/lib/docker/container…c79db8e0dbdba705cd17f3/mounts/shm.
[[0;32m  OK  [0m] Unmounted /var/lib/docker/overlay2/…b16f8b5e6cf82be77666462ba9/merged.
[[0;32m  OK  [0m] Unmounted /run/docker/netns/5f8c80d5b85d.
[[0;32m  OK  [0m] Unmounted /var/lib/docker/overlay2/…24948e382fe6f5dd28d22d6c3f/merged.
[[0;32m  OK  [0m] Unmounted /var/lib/docker/container…b4c80c86bbb238be7f7685/mounts/shm.
[[0;32m  OK  [0m] Unmounted /var/lib/docker/overlay2/…8362fdfb547c55bc978cdb4559/merged.
[[0;32m  OK  [0m] Unmounted /var/lib/docker/container…704bd35e8a06491119db22/mounts/shm.
[[0;32m  OK  [0m] Unmounted /var/lib/docker/overlay2/…9177e648b5c3c7d43fc910f93b/merged.
[[0;32m  OK  [0m] Unmounted /var/lib/docker/container…5c5e1c0075e786cdaf24f7/mounts/shm.
[[0;32m  OK  [0m] Unmounted /var/lib/docker/overlay2/…25a5b7b9f94104a99babde4f5f/merged.
[[0;32m  OK  [0m] Unmounted /var/lib/docker/overlay2/…6657725ffa42aff6abdd2dd229/merged.
[[0;32m  OK  [0m] Unmounted /var/lib/docker/container…ebe10b71e5d9ae95615114/mounts/shm.
[[0;32m  OK  [0m] Unmounted /var/lib/docker/overlay2/…7a09822a32841fb434b4cf9d28/merged.
[[0;32m  OK  [0m] Unmounted /var/lib/docker/overlay2/…774e095517b92efef614a2fcfa/merged.
[[0;32m  OK  [0m] Unmounted /var/lib/docker/container…87f89a022caa934fb85540/mounts/shm.
[[0;32m  OK  [0m] Unmounted /var/lib/docker/overlay2/…a19cdaeec00c4c927262545b13/merged.
[[0;32m  OK  [0m] Unmounted /var/lib/docker/overlay2/…cebd945b3f90ab31901bf9a639/merged.
[[0;32m  OK  [0m] Unmounted /var/lib/docker/overlay2/…2d26f770d04a4e97213f357f6e/merged.
[[0;32m  OK  [0m] Unmounted /var/lib/docker/container…f778b8baada8b72a30556f/mounts/shm.
[[0;32m  OK  [0m] Unmounted /var/lib/docker/overlay2/…048f4df70f954dc5028cc9b887/merged.
[[0m[0;31m*     [0m] A stop job is running for Docker Ap…n Container Engine (6s / 1min 30s)[K[[0;1;31m*[0m[0;31m*    [0m] A stop job is running for Docker Ap…n Container Engine (6s / 1min 30s)[K[[0;31m*[0;1;31m*[0m[0;31m*   [0m] A stop job is running for Docker Ap…n Container Engine (7s / 1min 30s)[K[[0;32m  OK  [0m] Unmounted /var/lib/docker/overlay2/…056ec096710dcaebf17a89bc07/merged.
[[0;32m  OK  [0m] Unmounted /var/lib/docker/overlay2/…923660d2b96817087d45c2f8f6/merged.
[[0;32m  OK  [0m] Unmounted /var/lib/docker/overlay2/…13929358bc4c6a0d5f1d418f45/merged.
[[0;32m  OK  [0m] Stopped Docker Application Container Engine.
[[0;32m  OK  [0m] Stopped target Network is Online.
[[0;32m  OK  [0m] Stopped target Network.
         Stopping Network Name Resolution...
[[0;32m  OK  [0m] Stopped target Basic System.
[[0;32m  OK  [0m] Stopped target Slices.
[[0;32m  OK  [0m] Removed slice User and Session Slice.
[[0;32m  OK  [0m] Stopped target Sockets.
[[0;32m  OK  [0m] Closed Syslog Socket.
[[0;32m  OK  [0m] Closed ACPID Listen Socket.
[[0;32m  OK  [0m] Closed UUID daemon activation socket.
[[0;32m  OK  [0m] Closed D-Bus System Message Bus Socket.
[[0;32m  OK  [0m] Closed Socket activation for snappy daemon.
[[0;32m  OK  [0m] Closed Open-iSCSI iscsid Socket.
[[0;32m  OK  [0m] Closed LXD - unix socket.
[[0;32m  OK  [0m] Stopped target Paths.
[[0;32m  OK  [0m] Stopped ACPI Events Check.
[[0;32m  OK  [0m] Closed Docker Socket for the API.
[[0;32m  OK  [0m] Stopped target System Initialization.
[[0;32m  OK  [0m] Stopped Initial cloud-init job (metadata service crawler).
         Stopping Update UTMP about System Boot/Shutdown...
[[0;32m  OK  [0m] Stopped Commit a transient machine-id on disk.
[[0;32m  OK  [0m] Stopped target Local Encrypted Volumes.
[[0;32m  OK  [0m] Stopped Forward Password Requests to Wall Directory Watch.
[[0;32m  OK  [0m] Stopped Dispatch Password Requests to Console Directory Watch.
         Stopping Load/Save Random Seed...
[[0;32m  OK  [0m] Stopped Network Name Resolution.
         Stopping Network Service...
[[0;32m  OK  [0m] Stopped Load/Save Random Seed.
[[0;32m  OK  [0m] Stopped Update UTMP about System Boot/Shutdown.
[[0;32m  OK  [0m] Stopped Create Volatile Files and Directories.
[[0;32m  OK  [0m] Stopped target Local File Systems.
         Unmounting /var/lib/kubelet/pods/b1…s.io~secret/coredns-token-p9cz6...
         Unmounting /run/docker/netns/default...
         Unmounting /var/lib/kubelet/pods/b1…o~secret/kube-proxy-token-zmqzd...
         Unmounting /var/lib/kubelet/pods/b1…~secret/calico-node-token-5nnnr...
         Unmounting /var/lib/kubelet/pods/b1…s.io~secret/coredns-token-p9cz6...
         Unmounting /vagrant...
         Unmounting /run/user/1000...
[[0;32m  OK  [0m] Stopped Network Service.
[[0;32m  OK  [0m] Unmounted /var/lib/kubelet/pods/b18…tes.io~secret/coredns-token-p9cz6.
[[0;32m  OK  [0m] Unmounted /var/lib/kubelet/pods/b18….io~secret/kube-proxy-token-zmqzd.
[[0;32m  OK  [0m] Unmounted /run/docker/netns/default.
[[0;32m  OK  [0m] Unmounted /var/lib/kubelet/pods/b18…io~secret/calico-node-token-5nnnr.
[[0;32m  OK  [0m] Unmounted /var/lib/kubelet/pods/b17…tes.io~secret/coredns-token-p9cz6.
[[0;32m  OK  [0m] Unmounted /vagrant.
[[0;32m  OK  [0m] Unmounted /run/user/1000.
[[0;32m  OK  [0m] Reached target Unmount All Filesystems.
[[0;32m  OK  [0m] Stopped target Local File Systems (Pre).
[[0;32m  OK  [0m] Stopped Create Static Device Nodes in /dev.
         Stopping Monitoring of LVM2 mirrors…ng dmeventd or progress polling...
[[0;32m  OK  [0m] Stopped target Swap.
[[0;32m  OK  [0m] Stopped target Network (Pre).
[[0;32m  OK  [0m] Stopped Initial cloud-init job (pre-networking).
[[0;32m  OK  [0m] Stopped Remount Root and Kernel File Systems.
[[0;32m  OK  [0m] Stopped Apply Kernel Variables.
[[0;32m  OK  [0m] Stopped Load Kernel Modules.
[[0;32m  OK  [0m] Reached target Shutdown.
[[0;32m  OK  [0m] Reached target Final Step.
         Starting Power-Off...
[[0;32m  OK  [0m] Stopped Monitoring of LVM2 mirrors,…sing dmeventd or progress polling.
         Stopping LVM2 metadata daemon...
[[0;32m  OK  [0m] Stopped LVM2 metadata daemon.
[ 5407.006111] reboot: Power down
