[    0.000000] Initializing cgroup subsys cpuset
[    0.000000] Initializing cgroup subsys cpu
[    0.000000] Initializing cgroup subsys cpuacct
[    0.000000] Linux version 4.4.0-159-generic (buildd@lgw01-amd64-042) (gcc version 5.4.0 20160609 (Ubuntu 5.4.0-6ubuntu1~16.04.10) ) #187-Ubuntu SMP Thu Aug 1 16:28:06 UTC 2019 (Ubuntu 4.4.0-159.187-generic 4.4.185)
[    0.000000] Command line: BOOT_IMAGE=/boot/vmlinuz-4.4.0-159-generic root=LABEL=cloudimg-rootfs ro console=tty1 console=ttyS0
[    0.000000] KERNEL supported cpus:
[    0.000000]   Intel GenuineIntel
[    0.000000]   AMD AuthenticAMD
[    0.000000]   Centaur CentaurHauls
[    0.000000] x86/fpu: xstate_offset[2]:  576, xstate_sizes[2]:  256
[    0.000000] x86/fpu: Supporting XSAVE feature 0x01: 'x87 floating point registers'
[    0.000000] x86/fpu: Supporting XSAVE feature 0x02: 'SSE registers'
[    0.000000] x86/fpu: Supporting XSAVE feature 0x04: 'AVX registers'
[    0.000000] x86/fpu: Enabled xstate features 0x7, context size is 832 bytes, using 'standard' format.
[    0.000000] e820: BIOS-provided physical RAM map:
[    0.000000] BIOS-e820: [mem 0x0000000000000000-0x000000000009fbff] usable
[    0.000000] BIOS-e820: [mem 0x000000000009fc00-0x000000000009ffff] reserved
[    0.000000] BIOS-e820: [mem 0x00000000000f0000-0x00000000000fffff] reserved
[    0.000000] BIOS-e820: [mem 0x0000000000100000-0x000000007ffeffff] usable
[    0.000000] BIOS-e820: [mem 0x000000007fff0000-0x000000007fffffff] ACPI data
[    0.000000] BIOS-e820: [mem 0x00000000fec00000-0x00000000fec00fff] reserved
[    0.000000] BIOS-e820: [mem 0x00000000fee00000-0x00000000fee00fff] reserved
[    0.000000] BIOS-e820: [mem 0x00000000fffc0000-0x00000000ffffffff] reserved
[    0.000000] NX (Execute Disable) protection: active
[    0.000000] SMBIOS 2.5 present.
[    0.000000] Hypervisor detected: KVM
[    0.000000] e820: last_pfn = 0x7fff0 max_arch_pfn = 0x400000000
[    0.000000] MTRR: Disabled
[    0.000000] x86/PAT: MTRRs disabled, skipping PAT initialization too.
[    0.000000] CPU MTRRs all blank - virtualized system.
[    0.000000] x86/PAT: Configuration [0-7]: WB  WT  UC- UC  WB  WT  UC- UC  
[    0.000000] found SMP MP-table at [mem 0x0009fff0-0x0009ffff] mapped at [ffff88000009fff0]
[    0.000000] Scanning 1 areas for low memory corruption
[    0.000000] RAMDISK: [mem 0x362fe000-0x37176fff]
[    0.000000] ACPI: Early table checksum verification disabled
[    0.000000] ACPI: RSDP 0x00000000000E0000 000024 (v02 VBOX  )
[    0.000000] ACPI: XSDT 0x000000007FFF0030 00003C (v01 VBOX   VBOXXSDT 00000001 ASL  00000061)
[    0.000000] ACPI: FACP 0x000000007FFF00F0 0000F4 (v04 VBOX   VBOXFACP 00000001 ASL  00000061)
[    0.000000] ACPI: DSDT 0x000000007FFF0470 0022EA (v02 VBOX   VBOXBIOS 00000002 INTL 20100528)
[    0.000000] ACPI: FACS 0x000000007FFF0200 000040
[    0.000000] ACPI: FACS 0x000000007FFF0200 000040
[    0.000000] ACPI: APIC 0x000000007FFF0240 00005C (v02 VBOX   VBOXAPIC 00000001 ASL  00000061)
[    0.000000] ACPI: SSDT 0x000000007FFF02A0 0001CC (v01 VBOX   VBOXCPUT 00000002 INTL 20100528)
[    0.000000] No NUMA configuration found
[    0.000000] Faking a node at [mem 0x0000000000000000-0x000000007ffeffff]
[    0.000000] NODE_DATA(0) allocated [mem 0x7ffeb000-0x7ffeffff]
[    0.000000] kvm-clock: Using msrs 4b564d01 and 4b564d00
[    0.000000] kvm-clock: cpu 0, msr 0:7ffe3001, primary cpu clock
[    0.000000] kvm-clock: using sched offset of 3846455260 cycles
[    0.000000] clocksource: kvm-clock: mask: 0xffffffffffffffff max_cycles: 0x1cd42e4dffb, max_idle_ns: 881590591483 ns
[    0.000000] Zone ranges:
[    0.000000]   DMA      [mem 0x0000000000001000-0x0000000000ffffff]
[    0.000000]   DMA32    [mem 0x0000000001000000-0x000000007ffeffff]
[    0.000000]   Normal   empty
[    0.000000]   Device   empty
[    0.000000] Movable zone start for each node
[    0.000000] Early memory node ranges
[    0.000000]   node   0: [mem 0x0000000000001000-0x000000000009efff]
[    0.000000]   node   0: [mem 0x0000000000100000-0x000000007ffeffff]
[    0.000000] Initmem setup node 0 [mem 0x0000000000001000-0x000000007ffeffff]
[    0.000000] ACPI: PM-Timer IO Port: 0x4008
[    0.000000] IOAPIC[0]: apic_id 2, version 32, address 0xfec00000, GSI 0-23
[    0.000000] ACPI: INT_SRC_OVR (bus 0 bus_irq 0 global_irq 2 dfl dfl)
[    0.000000] ACPI: INT_SRC_OVR (bus 0 bus_irq 9 global_irq 9 low level)
[    0.000000] Using ACPI (MADT) for SMP configuration information
[    0.000000] smpboot: Allowing 2 CPUs, 0 hotplug CPUs
[    0.000000] PM: Registered nosave memory: [mem 0x00000000-0x00000fff]
[    0.000000] PM: Registered nosave memory: [mem 0x0009f000-0x0009ffff]
[    0.000000] PM: Registered nosave memory: [mem 0x000a0000-0x000effff]
[    0.000000] PM: Registered nosave memory: [mem 0x000f0000-0x000fffff]
[    0.000000] e820: [mem 0x80000000-0xfebfffff] available for PCI devices
[    0.000000] Booting paravirtualized kernel on KVM
[    0.000000] clocksource: refined-jiffies: mask: 0xffffffff max_cycles: 0xffffffff, max_idle_ns: 7645519600211568 ns
[    0.000000] setup_percpu: NR_CPUS:512 nr_cpumask_bits:512 nr_cpu_ids:2 nr_node_ids:1
[    0.000000] PERCPU: Embedded 34 pages/cpu @ffff88007fc00000 s99544 r8192 d31528 u1048576
[    0.000000] Built 1 zonelists in Node order, mobility grouping on.  Total pages: 515960
[    0.000000] Policy zone: DMA32
[    0.000000] Kernel command line: BOOT_IMAGE=/boot/vmlinuz-4.4.0-159-generic root=LABEL=cloudimg-rootfs ro console=tty1 console=ttyS0
[    0.000000] PID hash table entries: 4096 (order: 3, 32768 bytes)
[    0.000000] Memory: 2029928K/2096696K available (8618K kernel code, 1335K rwdata, 4032K rodata, 1488K init, 1284K bss, 66768K reserved, 0K cma-reserved)
[    0.000000] SLUB: HWalign=64, Order=0-3, MinObjects=0, CPUs=2, Nodes=1
[    0.000000] Kernel/User page tables isolation: enabled
[    0.000000] Hierarchical RCU implementation.
[    0.000000] 	Build-time adjustment of leaf fanout to 64.
[    0.000000] 	RCU restricting CPUs from NR_CPUS=512 to nr_cpu_ids=2.
[    0.000000] RCU: Adjusting geometry for rcu_fanout_leaf=64, nr_cpu_ids=2
[    0.000000] NR_IRQS:33024 nr_irqs:440 16
[    0.000000] Console: colour VGA+ 80x25
[    0.000000] console [tty1] enabled
[    0.000000] console [ttyS0] enabled
[    0.000000] tsc: Detected 2194.918 MHz processor
[    0.201200] Calibrating delay loop (skipped) preset value.. 4389.83 BogoMIPS (lpj=8779672)
[    0.203431] pid_max: default: 32768 minimum: 301
[    0.204926] ACPI: Core revision 20150930
[    0.206865] ACPI: 2 ACPI AML tables successfully acquired and loaded
[    0.208736] Security Framework initialized
[    0.209856] Yama: becoming mindful.
[    0.210841] AppArmor: AppArmor initialized
[    0.213861] Dentry cache hash table entries: 262144 (order: 9, 2097152 bytes)
[    0.216119] Inode-cache hash table entries: 131072 (order: 8, 1048576 bytes)
[    0.220060] Mount-cache hash table entries: 4096 (order: 3, 32768 bytes)
[    0.221849] Mountpoint-cache hash table entries: 4096 (order: 3, 32768 bytes)
[    0.223809] Initializing cgroup subsys io
[    0.225005] Initializing cgroup subsys memory
[    0.226175] Initializing cgroup subsys devices
[    0.227701] Initializing cgroup subsys freezer
[    0.229010] Initializing cgroup subsys net_cls
[    0.230191] Initializing cgroup subsys perf_event
[    0.231619] Initializing cgroup subsys net_prio
[    0.232975] Initializing cgroup subsys hugetlb
[    0.234184] Initializing cgroup subsys pids
[    0.236329] mce: CPU supports 0 MCE banks
[    0.237455] Last level iTLB entries: 4KB 1024, 2MB 1024, 4MB 1024
[    0.239139] Last level dTLB entries: 4KB 1024, 2MB 1024, 4MB 1024, 1GB 4
[    0.240854] Spectre V1 : Mitigation: usercopy/swapgs barriers and __user pointer sanitization
[    0.243179] Spectre V2 : Mitigation: Full generic retpoline
[    0.244575] Spectre V2 : Spectre v2 / SpectreRSB mitigation: Filling RSB on context switch
[    0.247123] Speculative Store Bypass: Vulnerable
[    0.248446] MDS: Mitigation: Clear CPU buffers
[    0.252518] Freeing SMP alternatives memory: 36K
[    0.259856] ftrace: allocating 32318 entries in 127 pages
[    0.317599] smpboot: APIC(0) Converting physical 0 to logical package 0
[    0.319379] smpboot: Max logical packages: 1
[    0.320778] x2apic enabled
[    0.321799] Switched APIC routing to physical x2apic.
[    0.324204] ..TIMER: vector=0x30 apic1=0 pin1=2 apic2=-1 pin2=-1
[    0.433000] smpboot: CPU0: Intel(R) Core(TM) i7-4770HQ CPU @ 2.20GHz (family: 0x6, model: 0x46, stepping: 0x1)
[    0.435822] Performance Events: unsupported p6 CPU model 70 no PMU driver, software events only.
[    0.449020] KVM setup paravirtual spinlock
[    0.452817] x86: Booting SMP configuration:
[    0.454119] .... node  #0, CPUs:      #1
[    0.455356] kvm-clock: cpu 1, msr 0:7ffe3041, secondary cpu clock
[    0.457735] mce: CPU supports 0 MCE banks
[    0.460928] x86: Booted up 1 node, 2 CPUs
[    0.462277] smpboot: Total of 2 processors activated (8779.67 BogoMIPS)
[    0.464332] devtmpfs: initialized
[    0.467395] evm: security.selinux
[    0.469014] evm: security.SMACK64
[    0.470189] evm: security.SMACK64EXEC
[    0.471426] evm: security.SMACK64TRANSMUTE
[    0.472715] evm: security.SMACK64MMAP
[    0.473922] evm: security.ima
[    0.475011] evm: security.capability
[    0.476477] clocksource: jiffies: mask: 0xffffffff max_cycles: 0xffffffff, max_idle_ns: 7645041785100000 ns
[    0.479354] futex hash table entries: 512 (order: 3, 32768 bytes)
[    0.481319] pinctrl core: initialized pinctrl subsystem
[    0.482792] RTC time: 16:19:25, date: 08/17/19
[    0.484195] NET: Registered protocol family 16
[    0.498202] cpuidle: using governor ladder
[    0.510105] cpuidle: using governor menu
[    0.512045] PCCT header not found.
[    0.513371] ACPI: bus type PCI registered
[    0.514888] acpiphp: ACPI Hot Plug PCI Controller Driver version: 0.5
[    0.516923] PCI: Using configuration type 1 for base access
[    0.531644] ACPI: Added _OSI(Module Device)
[    0.533461] ACPI: Added _OSI(Processor Device)
[    0.535277] ACPI: Added _OSI(3.0 _SCP Extensions)
[    0.537107] ACPI: Added _OSI(Processor Aggregator Device)
[    0.539658] ACPI: Executed 1 blocks of module-level executable AML code
[    0.543642] ACPI: Interpreter enabled
[    0.544809] ACPI: (supports S0 S5)
[    0.545880] ACPI: Using IOAPIC for interrupt routing
[    0.547507] PCI: Using host bridge windows from ACPI; if necessary, use "pci=nocrs" and report a bug
[    0.554806] ACPI: PCI Root Bridge [PCI0] (domain 0000 [bus 00-ff])
[    0.556675] acpi PNP0A03:00: _OSC: OS supports [ASPM ClockPM Segments MSI]
[    0.559050] acpi PNP0A03:00: _OSC: not requesting OS control; OS requires [ExtendedConfig ASPM ClockPM MSI]
[    0.561629] acpi PNP0A03:00: fail to add MMCONFIG information, can't access extended PCI configuration space under this bridge.
[    0.564997] PCI host bridge to bus 0000:00
[    0.566169] pci_bus 0000:00: root bus resource [io  0x0000-0x0cf7 window]
[    0.568051] pci_bus 0000:00: root bus resource [io  0x0d00-0xffff window]
[    0.569720] pci_bus 0000:00: root bus resource [mem 0x000a0000-0x000bffff window]
[    0.571861] pci_bus 0000:00: root bus resource [mem 0x80000000-0xfdffffff window]
[    0.573892] pci_bus 0000:00: root bus resource [bus 00-ff]
[    0.578519] pci 0000:00:01.1: legacy IDE quirk: reg 0x10: [io  0x01f0-0x01f7]
[    0.580300] pci 0000:00:01.1: legacy IDE quirk: reg 0x14: [io  0x03f6]
[    0.582905] pci 0000:00:01.1: legacy IDE quirk: reg 0x18: [io  0x0170-0x0177]
[    0.585159] pci 0000:00:01.1: legacy IDE quirk: reg 0x1c: [io  0x0376]
[    0.621037] pci 0000:00:07.0: quirk: [io  0x4000-0x403f] claimed by PIIX4 ACPI
[    0.623247] pci 0000:00:07.0: quirk: [io  0x4100-0x410f] claimed by PIIX4 SMB
[    0.639789] ACPI: PCI Interrupt Link [LNKA] (IRQs 5 9 10 *11)
[    0.642448] ACPI: PCI Interrupt Link [LNKB] (IRQs 5 9 *10 11)
[    0.644393] ACPI: PCI Interrupt Link [LNKC] (IRQs 5 *9 10 11)
[    0.646305] ACPI: PCI Interrupt Link [LNKD] (IRQs 5 9 10 *11)
[    0.648633] ACPI: Enabled 2 GPEs in block 00 to 07
[    0.650704] vgaarb: setting as boot device: PCI:0000:00:02.0
[    0.652522] vgaarb: device added: PCI:0000:00:02.0,decodes=io+mem,owns=io+mem,locks=none
[    0.654913] vgaarb: loaded
[    0.655752] vgaarb: bridge control possible 0000:00:02.0
[    0.657659] SCSI subsystem initialized
[    0.658983] ACPI: bus type USB registered
[    0.660197] usbcore: registered new interface driver usbfs
[    0.661620] usbcore: registered new interface driver hub
[    0.663041] usbcore: registered new device driver usb
[    0.664664] PCI: Using ACPI for IRQ routing
[    0.666465] NetLabel: Initializing
[    0.667640] NetLabel:  domain hash size = 128
[    0.668990] NetLabel:  protocols = UNLABELED CIPSOv4
[    0.670352] NetLabel:  unlabeled traffic allowed by default
[    0.672003] amd_nb: Cannot enumerate AMD northbridges
[    0.673490] clocksource: Switched to clocksource kvm-clock
[    0.683628] AppArmor: AppArmor Filesystem Enabled
[    0.685375] pnp: PnP ACPI init
[    0.687586] pnp: PnP ACPI: found 3 devices
[    0.702303] clocksource: acpi_pm: mask: 0xffffff max_cycles: 0xffffff, max_idle_ns: 2085701024 ns
[    0.704956] NET: Registered protocol family 2
[    0.706414] TCP established hash table entries: 16384 (order: 5, 131072 bytes)
[    0.708518] TCP bind hash table entries: 16384 (order: 6, 262144 bytes)
[    0.710826] TCP: Hash tables configured (established 16384 bind 16384)
[    0.713401] UDP hash table entries: 1024 (order: 3, 32768 bytes)
[    0.715274] UDP-Lite hash table entries: 1024 (order: 3, 32768 bytes)
[    0.717371] NET: Registered protocol family 1
[    0.718762] pci 0000:00:00.0: Limiting direct PCI/PCI transfers
[    0.720633] pci 0000:00:01.0: Activating ISA DMA hang workarounds
[    0.722888] Unpacking initramfs...
[    0.953872] Freeing initrd memory: 14820K
[    0.955124] clocksource: tsc: mask: 0xffffffffffffffff max_cycles: 0x1fa37202099, max_idle_ns: 440795206796 ns
[    0.957994] platform rtc_cmos: registered platform RTC device (no PNP device found)
[    0.960376] Scanning for low memory corruption every 60 seconds
[    0.963042] audit: initializing netlink subsys (disabled)
[    0.964868] audit: type=2000 audit(1566058771.098:1): initialized
[    0.966749] Initialise system trusted keyring
[    0.968457] HugeTLB registered 2 MB page size, pre-allocated 0 pages
[    0.971323] zbud: loaded
[    0.972505] VFS: Disk quotas dquot_6.6.0
[    0.973705] VFS: Dquot-cache hash table entries: 512 (order 0, 4096 bytes)
[    0.975956] squashfs: version 4.0 (2009/01/31) Phillip Lougher
[    0.977883] fuse init (API version 7.23)
[    0.979207] Key type big_key registered
[    0.980422] Allocating IMA MOK and blacklist keyrings.
[    0.983109] Key type asymmetric registered
[    0.984606] Asymmetric key parser 'x509' registered
[    0.986201] Block layer SCSI generic (bsg) driver version 0.4 loaded (major 249)
[    0.988463] io scheduler noop registered
[    0.989602] io scheduler deadline registered (default)
[    0.991018] io scheduler cfq registered
[    0.992159] pci_hotplug: PCI Hot Plug PCI Core version: 0.5
[    0.993756] pciehp: PCI Express Hot Plug Controller Driver version: 0.4
[    0.996048] ACPI: AC Adapter [AC] (on-line)
[    0.997417] input: Power Button as /devices/LNXSYSTM:00/LNXPWRBN:00/input/input0
[    0.999564] ACPI: Power Button [PWRF]
[    1.001100] input: Sleep Button as /devices/LNXSYSTM:00/LNXSLPBN:00/input/input1
[    1.003348] ACPI: Sleep Button [SLPF]
[    1.004893] GHES: HEST is not enabled!
[    1.006150] ACPI: Battery Slot [BAT0] (battery present)
[    1.007719] Serial: 8250/16550 driver, 32 ports, IRQ sharing enabled
[    1.030315] 00:02: ttyS0 at I/O 0x3f8 (irq = 4, base_baud = 115200) is a 16550A
[    1.037722] Linux agpgart interface v0.103
[    1.042610] loop: module loaded
[    1.044357] scsi host0: ata_piix
[    1.045464] scsi host1: ata_piix
[    1.046674] ata1: PATA max UDMA/33 cmd 0x1f0 ctl 0x3f6 bmdma 0xd000 irq 14
[    1.048600] ata2: PATA max UDMA/33 cmd 0x170 ctl 0x376 bmdma 0xd008 irq 15
[    1.050437] libphy: Fixed MDIO Bus: probed
[    1.051871] tun: Universal TUN/TAP device driver, 1.6
[    1.053474] tun: (C) 1999-2004 Max Krasnyansky <maxk@qualcomm.com>
[    1.055291] PPP generic driver version 2.4.2
[    1.057032] ehci_hcd: USB 2.0 'Enhanced' Host Controller (EHCI) Driver
[    1.058857] ehci-pci: EHCI PCI platform driver
[    1.060068] ehci-platform: EHCI generic platform driver
[    1.061475] ohci_hcd: USB 1.1 'Open' Host Controller (OHCI) Driver
[    1.063101] ohci-pci: OHCI PCI platform driver
[    1.064309] ohci-platform: OHCI generic platform driver
[    1.065680] uhci_hcd: USB Universal Host Controller Interface driver
[    1.067336] i8042: PNP: PS/2 Controller [PNP0303:PS2K,PNP0f03:PS2M] at 0x60,0x64 irq 1,12
[    1.070042] serio: i8042 KBD port at 0x60,0x64 irq 1
[    1.071869] serio: i8042 AUX port at 0x60,0x64 irq 12
[    1.073713] mousedev: PS/2 mouse device common for all mice
[    1.075472] input: AT Translated Set 2 keyboard as /devices/platform/i8042/serio0/input/input2
[    1.079481] rtc_cmos rtc_cmos: rtc core: registered rtc_cmos as rtc0
[    1.081165] rtc_cmos rtc_cmos: alarms up to one day, 114 bytes nvram
[    1.082851] i2c /dev entries driver
[    1.084028] device-mapper: uevent: version 1.0.3
[    1.085908] device-mapper: ioctl: 4.34.0-ioctl (2015-10-28) initialised: dm-devel@redhat.com
[    1.088553] ledtrig-cpu: registered to indicate activity on CPUs
[    1.090782] NET: Registered protocol family 10
[    1.092214] NET: Registered protocol family 17
[    1.093821] Key type dns_resolver registered
[    1.095683] registered taskstats version 1
[    1.096866] Loading compiled-in X.509 certificates
[    1.098864] Loaded X.509 cert 'Build time autogenerated kernel key: d14182f9795b80ec340f636a5a08bf5817ccd8e7'
[    1.101504] zswap: loaded using pool lzo/zbud
[    1.105258] Key type trusted registered
[    1.110588] Key type encrypted registered
[    1.111750] AppArmor: AppArmor sha1 policy hashing enabled
[    1.113198] ima: No TPM chip found, activating TPM-bypass!
[    1.114662] ima: Allocated hash algorithm: sha1
[    1.116148] evm: HMAC attrs: 0x1
[    1.118014]   Magic number: 15:258:338
[    1.119131] tty tty59: hash matches
[    1.120288] rtc_cmos rtc_cmos: setting system clock to 2019-08-17 16:19:25 UTC (1566058765)
[    1.123440] BIOS EDD facility v0.16 2004-Jun-25, 0 devices found
[    1.125088] EDD information not available.
[    1.207492] Freeing unused kernel memory: 1488K
[    1.209678] Write protecting the kernel read-only data: 14336k
[    1.212161] Freeing unused kernel memory: 1608K
[    1.213786] Freeing unused kernel memory: 64K
Loading, please wait...
starting version 229
[    1.229953] random: systemd-udevd: uninitialized urandom read (16 bytes read, 2 bits of entropy available)
[    1.230511] random: udevadm: uninitialized urandom read (16 bytes read, 2 bits of entropy available)
[    1.230528] random: udevadm: uninitialized urandom read (16 bytes read, 2 bits of entropy available)
[    1.238471] random: systemd-udevd: uninitialized urandom read (16 bytes read, 2 bits of entropy available)
[    1.239475] random: udevadm: uninitialized urandom read (16 bytes read, 2 bits of entropy available)
[    1.239514] random: udevadm: uninitialized urandom read (16 bytes read, 2 bits of entropy available)
[    1.239630] random: udevadm: uninitialized urandom read (16 bytes read, 2 bits of entropy available)
[    1.239674] random: udevadm: uninitialized urandom read (16 bytes read, 2 bits of entropy available)
[    1.239717] random: udevadm: uninitialized urandom read (16 bytes read, 2 bits of entropy available)
[    1.239759] random: udevadm: uninitialized urandom read (16 bytes read, 2 bits of entropy available)
[    1.288035] Fusion MPT base driver 3.04.20
[    1.289255] Copyright (c) 1999-2008 LSI Corporation
[    1.293127] e1000: Intel(R) PRO/1000 Network Driver - version 7.3.21-k8-NAPI
[    1.295532] e1000: Copyright (c) 1999-2006 Intel Corporation.
[    1.320217] Fusion MPT SPI Host driver 3.04.20
[    1.326913] AVX2 version of gcm_enc/dec engaged.
[    1.328317] AES CTR mode by8 optimization enabled
[    1.530911] input: ImExPS/2 Generic Explorer Mouse as /devices/platform/i8042/serio1/input/input4
[    1.712803] e1000 0000:00:03.0 eth0: (PCI:33MHz:32-bit) 02:42:45:d1:d3:36
[    1.714739] e1000 0000:00:03.0 eth0: Intel(R) PRO/1000 Network Connection
[    2.131724] e1000 0000:00:08.0 eth1: (PCI:33MHz:32-bit) 08:00:27:a0:6e:54
[    2.133805] e1000 0000:00:08.0 eth1: Intel(R) PRO/1000 Network Connection
[    2.137519] e1000 0000:00:03.0 enp0s3: renamed from eth0
[    2.139894] mptbase: ioc0: Initiating bringup
[    2.158129] e1000 0000:00:08.0 enp0s8: renamed from eth1
[    2.213977] ioc0: LSI53C1030 A0: Capabilities={Initiator}
[    2.378270] scsi host2: ioc0: LSI53C1030 A0, FwRev=00000000h, Ports=1, MaxQ=256, IRQ=20
[    2.494582] scsi 2:0:0:0: Direct-Access     VBOX     HARDDISK         1.0  PQ: 0 ANSI: 5
[    2.498643] scsi target2:0:0: Beginning Domain Validation
[    2.503838] scsi target2:0:0: Domain Validation skipping write tests
[    2.505803] scsi target2:0:0: Ending Domain Validation
[    2.507497] scsi target2:0:0: asynchronous
[    2.509517] scsi 2:0:1:0: Direct-Access     VBOX     HARDDISK         1.0  PQ: 0 ANSI: 5
[    2.520869] scsi target2:0:1: Beginning Domain Validation
[    2.524859] scsi target2:0:1: Domain Validation skipping write tests
[    2.526464] scsi target2:0:1: Ending Domain Validation
[    2.528055] scsi target2:0:1: asynchronous
[    2.535793] sd 2:0:0:0: Attached scsi generic sg0 type 0
[    2.537478] sd 2:0:0:0: [sda] 20971520 512-byte logical blocks: (10.7 GB/10.0 GiB)
[    2.539775] sd 2:0:1:0: Attached scsi generic sg1 type 0
[    2.541167] sd 2:0:1:0: [sdb] 20480 512-byte logical blocks: (10.5 MB/10.0 MiB)
[    2.541748] sd 2:0:0:0: [sda] Write Protect is off
[    2.541841] sd 2:0:0:0: [sda] Incomplete mode parameter data
[    2.541842] sd 2:0:0:0: [sda] Assuming drive cache: write through
[    2.547192]  sda: sda1
[    2.547919] sd 2:0:0:0: [sda] Attached SCSI disk
[    2.550135] sd 2:0:1:0: [sdb] Write Protect is off
[    2.551722] sd 2:0:1:0: [sdb] Incomplete mode parameter data
[    2.553255] sd 2:0:1:0: [sdb] Assuming drive cache: write through
[    2.557716] sd 2:0:1:0: [sdb] Attached SCSI disk
Begin: Loading essential drivers ... [    3.875121] md: linear personality registered for level -1
[    3.879293] md: multipath personality registered for level -4
[    3.883514] md: raid0 personality registered for level 0
[    3.889400] md: raid1 personality registered for level 1
[    3.961567] raid6: sse2x1   gen()  9585 MB/s
[    4.029957] raid6: sse2x1   xor()  7491 MB/s
[    4.097954] raid6: sse2x2   gen() 11157 MB/s
[    4.166776] raid6: sse2x2   xor()  8189 MB/s
[    4.235277] raid6: sse2x4   gen() 14402 MB/s
[    4.305426] raid6: sse2x4   xor() 10520 MB/s
[    4.373518] raid6: avx2x1   gen() 18345 MB/s
[    4.441918] raid6: avx2x2   gen() 21456 MB/s
[    4.510712] raid6: avx2x4   gen() 25265 MB/s
[    4.512127] raid6: using algorithm avx2x4 gen() 25265 MB/s
[    4.513613] raid6: using avx2x2 recovery algorithm
[    4.516179] xor: automatically using best checksumming function:
[    4.557522]    avx       : 27090.000 MB/sec
[    4.560218] async_tx: api initialized (async)
[    4.571949] md: raid6 personality registered for level 6
[    4.573493] md: raid5 personality registered for level 5
[    4.574935] md: raid4 personality registered for level 4
[    4.583658] md: raid10 personality registered for level 10
done.
Begin: Running /scripts/init-premount ... done.
Begin: Mounting root file system ... Begin: Running /scripts/local-top ... done.
Begin: Running /scripts/local-premount ... [    4.616144] Btrfs loaded
Scanning for Btrfs filesystems
done.
Warning: fsck not present, so skipping root file system
[    4.647900] EXT4-fs (sda1): mounted filesystem with ordered data mode. Opts: (null)
done.
Begin: Running /scripts/local-bottom ... done.
Begin: Running /scripts/init-bottom ... done.
[    4.739615] systemd[1]: systemd 229 running in system mode. (+PAM +AUDIT +SELINUX +IMA +APPARMOR +SMACK +SYSVINIT +UTMP +LIBCRYPTSETUP +GCRYPT +GNUTLS +ACL +XZ -LZ4 +SECCOMP +BLKID +ELFUTILS +KMOD -IDN)
[    4.744556] systemd[1]: Detected virtualization oracle.
[    4.746133] systemd[1]: Detected architecture x86-64.

Welcome to [1mUbuntu 16.04.6 LTS[0m!

[    4.750596] systemd[1]: Set hostname to <ubuntu>.
[    4.757883] systemd[1]: Initializing machine ID from random generator.
[    4.759566] systemd[1]: Installed transient /etc/machine-id file.
[    4.879937] systemd[1]: Created slice User and Session Slice.
[[0;32m  OK  [0m] Created slice User and Session Slice.
[    4.882844] systemd[1]: Listening on LVM2 poll daemon socket.
[[0;32m  OK  [0m] Listening on LVM2 poll daemon socket.
[    4.885840] systemd[1]: Listening on Syslog Socket.
[[0;32m  OK  [0m] Listening on Syslog Socket.
[    4.888506] systemd[1]: Listening on Journal Socket.
[[0;32m  OK  [0m] Listening on Journal Socket.
[    4.898025] systemd[1]: Reached target Encrypted Volumes.
[[0;32m  OK  [0m] Reached target Encrypted Volumes.
[    4.901275] systemd[1]: Listening on Device-mapper event daemon FIFOs.
[[0;32m  OK  [0m] Listening on Device-mapper event daemon FIFOs.
[    4.904263] systemd[1]: Started Forward Password Requests to Wall Directory Watch.
[[0;32m  OK  [0m] Started Forward Password Requests to Wall Directory Watch.
[    4.908634] systemd[1]: Set up automount Arbitrary Executable File Formats File System Automount Point.
[[0;32m  OK  [0m] Set up automount Arbitrary Executab...ats File System Automount Point.
[    4.913391] systemd[1]: Listening on Journal Audit Socket.
[[0;32m  OK  [0m] Listening on Journal Audit Socket.
[    4.922437] systemd[1]: Listening on /dev/initctl Compatibility Named Pipe.
[[0;32m  OK  [0m] Listening on /dev/initctl Compatibility Named Pipe.
[    4.926781] systemd[1]: Started Trigger resolvconf update for networkd DNS.
[[0;32m  OK  [0m] Started Trigger resolvconf update for networkd DNS.
[    4.930551] systemd[1]: Reached target User and Group Name Lookups.
[[0;32m  OK  [0m] Reached target User and Group Name Lookups.
[    4.933514] systemd[1]: Listening on udev Kernel Socket.
[[0;32m  OK  [0m] Listening on udev Kernel Socket.
[    4.936425] systemd[1]: Created slice System Slice.
[[0;32m  OK  [0m] Created slice System Slice.
[    4.950066] systemd[1]: Mounting Huge Pages File System...
         Mounting Huge Pages File System...
[    4.955257] systemd[1]: Mounting POSIX Message Queue File System...
         Mounting POSIX Message Queue File System...
[    4.959151] systemd[1]: Created slice system-serial\x2dgetty.slice.
[[0;32m  OK  [0m] Created slice system-serial\x2dgetty.slice.
[    4.962909] systemd[1]: Mounting Debug File System...
         Mounting Debug File System...
[    4.970920] systemd[1]: Starting Remount Root and Kernel File Systems...
         Starting Remount Root and Kernel File Systems...
[    4.976976] EXT4-fs (sda1): re-mounted. Opts: (null)
[    4.982883] systemd[1]: Starting Nameserver information manager...
         Starting Nameserver information manager...
[    4.986996] systemd[1]: Starting Set console keymap...
         Starting Set console keymap...
[    4.992961] systemd[1]: Starting Load Kernel Modules...
         Starting Load Kernel Modules...
[    4.995545] systemd[1]: Reached target System Time Synchronized.
[[0;32m  OK  [0m] Reached target System Time Synchronized.
[    5.009894] systemd[1]: Reached target Swap.
[[0;32m  OK  [0m] Reached target Swap.
[    5.012146] systemd[1]: Listening on LVM2 metadata daemon socket.
[[0;32m  OK  [0m] Listening on LVM2 metadata daemon socket.
[    5.015703] systemd[1]: Starting Monitoring of LVM2 mirrors, snapshots etc. using dmeventd or progress polling...
         Starting Monitoring of LVM2 mirrors... dmeventd or progress polling...
[    5.020192] systemd[1]: Listening on Journal Socket (/dev/log).
[[0;32m  OK  [0m] Listening on Journal Socket (/dev/log).
[    5.023507] Loading iSCSI transport class v2.0-870.
[    5.025427] systemd[1]: Starting Journal Service...
         Starting Journal Service...
[    5.033932] systemd[1]: Starting Uncomplicated firewall...
         Starting Uncomplicated firewall...
[    5.038942] systemd[1]: Listening on udev Control Socket.
[[0;32m  OK  [0m] Listening on udev Control Socket.
[    5.043098] systemd[1]: Starting Create list of required static device nodes for the current kernel...
         Starting Create list of required st... nodes for the current kernel...
[    5.051975] systemd[1]: Reached target Slices.
[[0;32m  OK  [0m] Reached target Slices.
[    5.056975] systemd[1]: Mounted POSIX Message Queue File System.
[[0;32m  OK  [0m] Mounted POSIX Message Queue File System.
[    5.060059] systemd[1]: Mounted Debug File System.
[    5.061653] iscsi: registered transport (tcp)
[[0;32m  OK  [0m] Mounted Debug File System.
[    5.063794] systemd[1]: Mounted Huge Pages File System.
[[0;32m  OK  [0m] Mounted Huge Pages File System.
[    5.067527] systemd[1]: Started Remount Root and Kernel File Systems.
[[0;32m  OK  [0m] Started Remount Root and Kernel File Systems.
[    5.076633] systemd[1]: Started Set console keymap.
[[0;32m  OK  [0m] Started Set console keymap.
[    5.080846] systemd[1]: Started Uncomplicated firewall.
[[0;32m  OK  [0m] Started Uncomplicated firewall.
[    5.090270] systemd[1]: Started Create list of required static device nodes for the current kernel.
[[0;32m  OK  [0m] Started Create list of required sta...ce nodes for the current kernel.
[    5.095910] systemd[1]: Started Nameserver information manager.
[[0;32m  OK  [0m] Started Nameserver information manager.
[    5.101201] systemd[1]: Started Journal Service.
[[0;32m  OK  [0m] Started Journal Service.
[    5.108989] iscsi: registered transport (iser)
[[0;32m  OK  [0m] Started Load Kernel Modules.
         Starting Apply Kernel Variables...
         Mounting FUSE Control File System...
[[0;32m  OK  [0m] Started LVM2 metadata daemon.
         Starting Create Static Device Nodes in /dev...
         Starting udev Coldplug all Devices...
         Starting Load/Save Random Seed...
         Starting Flush Journal to Persistent Storage...
[[0;32m  OK  [0m] Mounted FUSE Control File System.
[[0;32m  OK  [0m] Started Apply Kernel Variables.
[[0;32m  OK  [0m] Started Load/Save Random Seed.
[[0;32m  OK  [0m] Started Create Static Device Nodes in /dev.
[[0;32m  OK  [0m] Started Monitoring of LVM2 mirrors,...ng dmeventd or progress polling.
[[0;32m  OK  [0m] Started udev Coldplug all Devices.
[[0;32m  OK  [0m] Started Flush Journal to Persistent Storage.
         Starting udev Kernel Device Manager...
[[0;32m  OK  [0m] Reached target Local File Systems (Pre).
[[0;32m  OK  [0m] Reached target Local File Systems.
         Starting Tell Plymouth To Write Out Runtime Data...
         Starting Set console font and keymap...
         Starting LSB: AppArmor initialization...
         Starting Initial cloud-init job (pre-networking)...
         Starting Commit a transient machine-id on disk...
         Starting Create Volatile Files and Directories...
[[0;32m  OK  [0m] Started Tell Plymouth To Write Out Runtime Data.
[[0;32m  OK  [0m] Started Create Volatile Files and Directories.
[[0;32m  OK  [0m] Started Commit a transient machine-id on disk.
[[0;32m  OK  [0m] Started udev Kernel Device Manager.
[[0;32m  OK  [0m] Started Dispatch Password Requests to Console Directory Watch.
         Starting Update UTMP about System Boot/Shutdown...
[[0;32m  OK  [0m] Started Update UTMP about System Boot/Shutdown.
[[0;32m  OK  [0m] Found device /dev/ttyS0.
[[0;32m  OK  [0m] Listening on Load/Save RF Kill Switch Status /dev/rfkill Watch.
[[0;32m  OK  [0m] Started LSB: AppArmor initialization.
[    6.317048] cloud-init[[0;32m  OK  [0m] Started Set console font and keymap.
[484]: Cloud-init v. 19.1-1-gbaa47854-0ubuntu1~16.04.1 running 'init-local' at Sat, 17 Aug 2019 16:19:30 +0000. Up 5.84 seconds.
[[0;32m  OK  [0m] Created slice system-getty.slice.
[[0;32m  OK  [0m] Started Initial cloud-init job (pre-networking).
[[0;32m  OK  [0m] Reached target Network (Pre).
         Starting Raise network interfaces...
[[0;32m  OK  [0m] Started Raise network interfaces.
         Starting Initial cloud-init job (metadata service crawler)...
[[0;32m  OK  [0m] Reached target Network.
[    7.413430] cloud-init[963]: Cloud-init v. 19.1-1-gbaa47854-0ubuntu1~16.04.1 running 'init' at Sat, 17 Aug 2019 16:19:31 +0000. Up 6.93 seconds.
[    7.415697] cloud-init[963]: ci-info: ++++++++++++++++++++++++++++++++++++++Net device info+++++++++++++++++++++++++++++++++++++++
[    7.424782] cloud-init[963]: ci-info: +--------+-------+----------------------------+---------------+--------+-------------------+
[    7.427098] cloud-init[963]: ci-info: | Device |   Up  |          Address           |      Mask     | Scope  |     Hw-Address    |
[    7.429313] cloud-init[963]: ci-info: +--------+-------+----------------------------+---------------+--------+-------------------+
[    7.431498] cloud-init[963]: ci-info: | enp0s3 |  True |         10.0.2.15          | 255.255.255.0 | global | 02:42:45:d1:d3:36 |
[    7.434221] cloud-init[963]: ci-info: | enp0s3 |  True | fe80::42:45ff:fed1:d336/64 |       .       |  link  | 02:42:45:d1:d3:36 |
[    7.436725] cloud-init[963]: ci-info: | enp0s8 | False |             .              |       .       |   .    | 08:00:27:a0:6e:54 |
[    7.440264] cloud-init[963]: ci-info: |   lo   |  True |         127.0.0.1          |   255.0.0.0   |  host  |         .         |
[    7.448768] cloud-init[963]: ci-info: |   lo   |  True |          ::1/128           |       .       |  host  |         .         |
[    7.457196] cloud-init[963]: ci-info: +--------+-------+----------------------------+---------------+--------+-------------------+
[    7.459435] cloud-init[963]: ci-info: +++++++++++++++++++++++++++Route IPv4 info++++++++++++++++++++++++++++
[    7.461105] cloud-init[963]: ci-info: +-------+-------------+----------+---------------+-----------+-------+
[    7.462923] cloud-init[963]: ci-info: | Route | Destination | Gateway  |    Genmask    | Interface | Flags |
[    7.465297] cloud-init[963]: ci-info: +-------+-------------+----------+---------------+-----------+-------+
[    7.472538] cloud-init[963]: ci-info: |   0   |   0.0.0.0   | 10.0.2.2 |    0.0.0.0    |   enp0s3  |   UG  |
[    7.480960] cloud-init[963]: ci-info: |   1   |   10.0.2.0  | 0.0.0.0  | 255.255.255.0 |   enp0s3  |   U   |
[    7.482754] cloud-init[963]: ci-info: +-------+-------------+----------+---------------+-----------+-------+
[[0;32m  OK  [0m] Started Initial cloud-init job (metadata service crawler).[    7.492738] cloud-init[963]: ci-info: +++++++++++++++++++Route IPv6 info+++++++++++++++++++
[    7.493953] cloud-init[963]: ci-info: +-------+-------------+---------+-----------+-------+
[    7.495509] cloud-init[963]: ci-info: | Route | Destination | Gateway | Interface | Flags |

[[0;32m  OK  [0m] Reached target Network is Online.
[    7.500320] cloud-init[963]: ci-info: +-------+-------------+---------+-----------+-------+
[    7.502304] cloud-init[963]: ci-info: |   0   |  fe80::/64  |    ::   |   enp0s3  |   U   |
         [    7.509324] cloud-init[963]: ci-info: |   3   |   ff00::/8  |    ::   |   enp0s3  |   U   |
[    7.509403] cloud-init[963]: ci-info: +-------+-------------+---------+-----------+-------+
Starting iSCSI initiator daemon (iscsid)...
[[0;32m  OK  [0m[    7.509566] ] cloud-initReached target System Initialization.[963]: 
Generating public/private rsa key pair.
[    7.514993] cloud-init[963]: Your identification has been saved in /etc/ssh/ssh_host_rsa_key.
[    7.515106] cloud-init[963]: Your public key has been saved in /etc/ssh/ssh_host_rsa_key.pub.
[    7.516136] cloud-init[963]: The key fingerprint is:
[    7.516966] cloud-init[963]: SHA256:qWl9k41uZO1YAgV+6YdJU6r0E1EcnSC2VM/6bMkT2oU root@ubuntu-xenial
[    7.517420] cloud-init[963]: The key's randomart image is:
[    7.518243] cloud-init[963]: +---[RSA 2048]----+
[    7.518461] cloud-init[963]: |        ..=+*+ . |
[    7.518494] cloud-init[963]: |       . o.B.oo  |
[    7.518524] cloud-init[963]: |        o.O   o  |
[    7.518556] cloud-init[963]: |       ..B = . . |
[    7.518717] cloud-init[963]: |        S.*.o E .|
[    7.520406] cloud-init[963]: |       +  +*o* + |
[    7.520961] cloud-init[963]: |      + .o==o O  |
[    7.521320] cloud-init[963]: |     .   oo... . |
[    7.526963] cloud-init[963]: |         ..      |
[    7.529388]          Starting Socket activation for snappy daemon.
cloud-init[963]: +----[SHA256]-----+
[    7.532021] cloud-init[963]: Generating public/private dsa key pair.
[    7.533103] cloud-init[963]: Your identification has been saved in /etc/ssh/ssh_host_dsa_key.
         [    7.534667] cloud-init[963]: Your public key has been saved in /etc/ssh/ssh_host_dsa_key.pub.
[    7.535079] cloud-init[963]: The key fingerprint is:
[    7.537396] cloud-init[963]: SHA256:bCEXv8jhbE9j/QklOeNfzZkgcenVAFlUPO1WHyyU3ho root@ubuntu-xenial
[    7.539439] cloud-init[963]: The key's randomart image is:
[    7.539822] cloud-init[963]: +---[DSA 1024]----+
[    7.541282] cloud-init[963]: |        .  .oBB++|
[    7.542984] cloud-init[963]: |         o  += ==|
[    7.543031] cloud-init[963]: |      . + ..B.=.=|
[    7.544359] cloud-init[963]: |       B + +.E.oB|
[    7.545689] cloud-init[963]: |        S = + o++|
Starting LXD - unix socket.
[    7.545874] cloud-init[963]: |       o + . = o |
[    7.547210] cloud-init[963]: |          .   +  |
[    7.547564] cloud-init[963]: |                 |
[    7.547596] cloud-init[963]: |                 |
[    7.547627] cloud-init[963]: +----[SHA256]-----+
[    7.547810] cloud-init[963]: Generating public/private ecdsa key pair.
[    7.547840] cloud-init[963]: Your identification has been saved in /etc/ssh/ssh_host_ecdsa_key.
[    7.547872] cloud-init[963]: Your public key has been saved in /etc/ssh/ssh_host_ecdsa_key.pub.
[    7.547908] cloud-init[963]: The key fingerprint is:
[    7.549647] cloud-init[963]: SHA256:h+3j+Ql1BNNGI7JWlSNmlzLWTdiUc8hjETRVO0ihkOg root@ubuntu-xenial
[    7.550335] cloud-init[963]: The key's randomart image is:
[    7.550370] cloud-init[963]: +---[ECDSA 256]---+
[[0;32m  OK  [0m] Listening on UUID daemon activation socket.
[    7.551021] cloud-init[963]: |        ..o =XX&B|
[    7.558715] cloud-init[963]: |       . ..+X+/==|
[    7.559421] cloud-init[963]: |      .   o= O.=o|
[    7.559547] cloud-init[963]: |       E +   .  .|
[[0;32m  OK  [0m] Listening on D-Bus System Message Bus Socket.
[    7.559885] cloud-init[963]: |        S o . .  |
[    7.563960] cloud-init[963]: |         o . .   |
[    7.564996] cloud-init[963]: |          +      |
[    7.565219] cloud-init[963]: |         . + .   |
[    7.566558] cloud-init[963]: |          o.o    |
[    7.567752] cloud-init[963]: +----[SHA256]-----+
[    7.568447] cloud-init[963]: Generating public/private ed25519 key pair.
[    7.569609] cloud-init[963]: Your identification has been saved in /etc/ssh/ssh_host_ed25519_key.
[    7.570717] cloud-init[963]: Your public key has been saved in /etc/ssh/ssh_host_ed25519_key.pub.
[    7.570834] cloud-init[963]: The key fingerprint is:
[    7.570867] cloud-init[963]: SHA256:fe9buWiLYgiNjI7//v0i7ugTcr33OaPn6K9Gv1DFmxA root@ubuntu-xenial
[    7.570897] cloud-init[963]: The key's randomart image is:
[    7.571180] cloud-init[963]: +--[ED25519 256]--+
[    7.571211] cloud-init[963]: |           E     |
[    7.571240] cloud-init[963]: |            o    |
[    7.571486] cloud-init[963]: |           . o   |
[    7.571672] cloud-init[963]: |         .  o o  |
[    7.574953] cloud-init[963]: |    o + S ...o   |
[[0;32m  OK  [0m] Started ACPI Events Check.
[    7.576092] cloud-init[963]: |   o * o ... .  .|
[    7.582203] cloud-init[963]: |  o o o +..   ...|
[    7.583417] cloud-init[963]: | . . ..+.*o=oo...|
[    7.583796] cloud-init[963]: |  ..+==+**@O=o+o |
[    7.584320] cloud-init[963]: +----[SHA256]-----+
[[0;32m  OK  [0m] Reached target Paths.
[[0;32m  OK  [0m] Started Daily apt download activities.
[[0;32m  OK  [0m] Started Daily apt upgrade and clean activities.
[[0;32m  OK  [0m] Listening on ACPID Listen Socket.
[[0;32m  OK  [0m] Started Daily Cleanup of Temporary Directories.
[[0;32m  OK  [0m] Reached target Timers.
[[0;32m  OK  [0m] Reached target Cloud-config availability.
[[0;32m  OK  [0m] Listening on Socket activation for snappy daemon.
[[0;32m  OK  [0m] Listening on LXD - unix socket.
[[0;32m  OK  [0m] Started iSCSI initiator daemon (iscsid).
         Starting Login to default iSCSI targets...
[[0;32m  OK  [0m] Reached target Sockets.
[[0;32m  OK  [0m] Reached target Basic System.
         Starting LSB: Record successful boot for GRUB...
         Starting Pollinate to seed the pseudo random number generator...
         Starting LSB: MD monitoring daemon...
[[0;32m  OK  [0m] Started Deferred execution scheduler.
         Starting Accounts Service...
         Starting Login Service...
         Starting /etc/rc.local Compatibility...
         Starting Virtualbox guest utils...
[[0;32m  OK  [0m] Started ACPI event daemon.
         Starting System Logging Service...
[[0;32m  OK  [0m] Started D-Bus System Message Bus.
[[0;32m  OK  [0m] Started FUSE filesystem for LXC.
         Starting LXD - container startup/shutdown...
         Starting Snappy daemon...
[[0;32m  OK  [0m] Started Regular background program processing daemon.
[[0;32m  OK  [0m] Started System Logging Service.
[[0;32m  OK  [0m] Started /etc/rc.local Compatibility.
[[0;32m  OK  [0m] Started LSB: Record successful boot for GRUB.
[[0;32m  OK  [0m] Started Login to default iSCSI targets.
[[0;32m  OK  [0m] Started LSB: MD monitoring daemon.
[[0;32m  OK  [0m] Started LXD - container startup/shutdown.
[[0;32m  OK  [0m] Started Login Service.
[[0;32m  OK  [0m] Started Unattended Upgrades Shutdown.
         Starting Authenticate and Authorize Users to Run Privileged Tasks...
[[0;32m  OK  [0m] Reached target Remote File Systems (Pre).
[[0;32m  OK  [0m] Reached target Remote File Systems.
         Starting Permit User Sessions...
         Starting LSB: automatic crash report generation...
         Starting LSB: Set the CPU Frequency Scaling governor to "ondemand"...
         Starting LSB: daemon to balance interrupts for SMP systems...
[[0;32m  OK  [0m] Started Permit User Sessions.
[[0;32m  OK  [0m] Started Authenticate and Authorize Users to Run Privileged Tasks.
[[0;32m  OK  [0m] Started Accounts Service.
         Starting Hold until boot process finishes up...
         Starting Terminate Plymouth Boot Screen...
[[0;32m  OK  [0m] Started Virtualbox guest utils.
[[0;32m  OK  [0m] Started LSB: Set the CPU Frequency Scaling governor to "ondemand".
[[0;32m  OK  [0m] Started Hold until boot process finishes up.
[[0;32m  OK  [0m] Started Terminate Plymouth Boot Screen.
[[0;32m  OK  [0m] Started LSB: automatic crash report generation.
[[0;32m  OK  [0m] Started LSB: daemon to balance interrupts for SMP systems.
[[0;32m  OK  [0m] Started Serial Getty on ttyS0.
[[0;32m  OK  [0m] Started Getty on tty1.
[[0;32m  OK  [0m] Reached target Login Prompts.
         Starting Set console scheme...
[[0;32m  OK  [0m] Started Set console scheme.
[[0;32m  OK  [0m] Started Snappy daemon.
         Starting Wait until snapd is fully seeded...
[[0;32m  OK  [0m] Started Pollinate to seed the pseudo random number generator.
         Starting OpenBSD Secure Shell server...
[[0;32m  OK  [0m] Started OpenBSD Secure Shell server.
[[0;32m  OK  [0m] Created slice User Slice of vagrant.
         Starting User Manager for UID 1000...
[[0;32m  OK  [0m] Started Session 1 of user vagrant.
[[0;32m  OK  [0m] Started User Manager for UID 1000.
[[0;32m  OK  [0m] Started Wait until snapd is fully seeded.
[[0;32m  OK  [0m] Reached target Multi-User System.
[[0;32m  OK  [0m] Reached target Graphical Interface.
         Starting Update UTMP about System Runlevel Changes...
         Starting Apply the settings specified in cloud-config...
[[0;32m  OK  [0m] Started Update UTMP about System Runlevel Changes.
[   12.600491] cloud-init[1395]: Generating locales (this might take a while)...
[   13.440842] cloud-init[1395]:   en_US.UTF-8... done
[   13.441020] cloud-init[1395]: Generation complete.
[   13.715081] cloud-init[1395]: Cloud-init v. 19.1-1-gbaa47854-0ubuntu1~16.04.1 running 'modules:config' at Sat, 17 Aug 2019 16:19:37 +0000. Up 12.49 seconds.

Ubuntu 16.04.6 LTS ubuntu-xenial ttyS0

ubuntu-xenial login: ci-info: no authorized ssh keys fingerprints found for user ubuntu.
<14>Aug 17 16:19:38 ec2: 
<14>Aug 17 16:19:38 ec2: #############################################################
<14>Aug 17 16:19:38 ec2: -----BEGIN SSH HOST KEY FINGERPRINTS-----
<14>Aug 17 16:19:38 ec2: 1024 SHA256:bCEXv8jhbE9j/QklOeNfzZkgcenVAFlUPO1WHyyU3ho root@ubuntu-xenial (DSA)
<14>Aug 17 16:19:38 ec2: 256 SHA256:h+3j+Ql1BNNGI7JWlSNmlzLWTdiUc8hjETRVO0ihkOg root@ubuntu-xenial (ECDSA)
<14>Aug 17 16:19:38 ec2: 256 SHA256:fe9buWiLYgiNjI7//v0i7ugTcr33OaPn6K9Gv1DFmxA root@ubuntu-xenial (ED25519)
<14>Aug 17 16:19:38 ec2: 2048 SHA256:qWl9k41uZO1YAgV+6YdJU6r0E1EcnSC2VM/6bMkT2oU root@ubuntu-xenial (RSA)
<14>Aug 17 16:19:38 ec2: -----END SSH HOST KEY FINGERPRINTS-----
<14>Aug 17 16:19:38 ec2: #############################################################
-----BEGIN SSH HOST KEY KEYS-----
ecdsa-sha2-nistp256 AAAAE2VjZHNhLXNoYTItbmlzdHAyNTYAAAAIbmlzdHAyNTYAAABBBB8dhiA+YRePXcghzQ1wfrPcO5WjrwyMBTYYsqYoU+op/CavZ607DjPxflnh9tkIiCXwS4SxmMT6VsPKgfS0WlA= root@ubuntu-xenial
ssh-ed25519 AAAAC3NzaC1lZDI1NTE5AAAAINgR7DF6kUk+62duBDzi7+WeH8bz61xFPI6hffvwz2WZ root@ubuntu-xenial
ssh-rsa AAAAB3NzaC1yc2EAAAADAQABAAABAQDgS0kFb4g/VYA+ysi4AvZHL5U+7KDl8AjLpZxYEx5Romql3dVQ1p3K4Y9yYtGRiqwdVqrZQwb4MiVmNzErtYmMeJlWyopKBlnTHWQTC/+KoQYjbSkm3/EER9xnaem1DfaguTdEE2Kn+xHfDTqugQe/C8Ik8XK6GLMUSJoekrbU9Gkb0lyHCnOb2EfLEu3UFdXEPTcxSu+WrgM9XlnMt13T4mCRlLJStXKr0PwVivyR18eMjbkP397t4v9v/ePuJGS2Af/Ul0o2qSTVldF4t9jGRhXqE7JTfvr6D82Xl2gWjOG85yJ3/TGm0smDHJb49kj2BpimqpMr4Ks7uF1ZQW25 root@ubuntu-xenial
-----END SSH HOST KEY KEYS-----
[   14.186729] cloud-init[1624]: Cloud-init v. 19.1-1-gbaa47854-0ubuntu1~16.04.1 running 'modules:final' at Sat, 17 Aug 2019 16:19:38 +0000. Up 14.03 seconds.
[   14.197129] cloud-init[1624]: ci-info: no authorized ssh keys fingerprints found for user ubuntu.
[   14.204303] cloud-init[1624]: Cloud-init v. 19.1-1-gbaa47854-0ubuntu1~16.04.1 finished at Sat, 17 Aug 2019 16:19:38 +0000. Datasource DataSourceNoCloud [seed=/dev/sdb][dsmode=net].  Up 14.17 seconds
